46
MarsUltrav8
PhilippI SergeyU SusanQ PhilippP StefanQ BenjaminT RuthX BakhodirG MatasW 
MapsSv7
SundarA PhilippK FionaF LarryO ClementM ThomasK MatasW LarryX ClementE BakhodirD 
ExploreUltrav8
BakhodirD ClementM SundarL HiroshiF ClementT SusanQ ClementE 
WearOSLitev5
NellyY BakhodirD TatiyanaC JenK PhilippI 
DuoZv4
ThomasK SundarP LarryX FionaJ PhilippK RuthX ThomasM 
BloggerNextv8
PhilippP ClementE MatasW SergeyV 
SmartSv2
FionaF BakhodirW PhilippK BenjaminT FionaN 
StreetViewProv9
SundarA MatasC ClementE MatasW HiroshiB PhilippK NellyY LarryO 
DreamSv2
SusanQ PhilippP SergeyN LarryO PhilippI MatasW 
GameLitev8
PhilippP PhilippK MatasW SergeyN 
StreamXv6
BenjaminO HiroshiB SergeyN ClementM ClementT 
ResearchXv8
SundarP ClementM SundarH MatasC ClementE 
StadiaZv1
TatiyanaC ClementM BenjaminT PhilippP 
GlassOSLitev9
FionaJ PetarF SundarA PhilippK PrabhakarR PhilippH 
DuoZv2
PhilippY SundarP FionaF 
AndroidAutoZv2
PhilippH JenK PhilippI LarryX SergeyU 
StreetViewXv1
TatiyanaC HiroshiB FionaF 
MapsProv8
HiroshiW SergeyT BakhodirD 
AssistantUltrav2
MatasC SergeyU StefanQ MichalP BenjaminO PhilippP 
ChromeNextv7
JenG BakhodirD PhilippY 
SlidesNextv2
JenZ PhilippH 
KeepXv5
PhilippP HiroshiF MichalP 
GameProv6
LarryO SusanQ SergeyT 
ChromeOSUltrav5
JenK PhilippH SergeyU HiroshiW PhilippK ClementL 
BuildMaxv1
MichalB RuthX NellyY BakhodirG SergeyV 
GlassOSSv3
MatasW JenZ 
SmartLitev9
JenZ ThomasK PhilippP 
AndroidTVMaxv5
PrabhakarR SundarP PhilippK 
MarsLitev5
BakhodirD TatiyanaC 
SitesSv1
SergeyU ClementL 
FeedBurnerMaxv3
TatiyanaC LarryO 
ChromeOSLitev3
PhilippP HiroshiW PhilippY 
DocsNextv2
SundarP HiroshiB ClementL 
FuchsiaXv6
SundarL SundarA 
FeedBurnerMaxv1
MichalB ThomasK ClementL PrabhakarR 
ClassroomMaxv2
TatiyanaC SusanQ 
ReleaseUltrav1
ClementT BakhodirD 
MarsXv1
HiroshiF FionaJ MichalB MatasH 
ShoppingProv8
FionaN PhilippI 
ShortsNextv7
FionaF PhilippY PrabhakarR 
WebserverProv6
PhilippP 
DaydreamLitev7
SundarH 
CastOSProv6
LarryX 
GameProv3
PhilippY 
StreamXv9
LarryO 
ConnectLitev9
SundarA 
