377
CalendarProv8
c828 c956 c1205 c1224 c865 c1096 c949 c527 c533 c909 c1191 c29 c149 c453 c425 c1360 c343 c1138 c1296 c799 c834 
SlidesMaxv8
c1449 c3 c1100 c11 c1204 c759 c856 c1094 c47 c305 c245 c202 c564 c0 c320 c279 c1118 c1445 c682 c1316 c921 c558 c1046 c517 c1383 c1345 c1116 c1163 c137 c904 c13 c55 c145 c78 c812 c491 c1130 c442 c1105 c642 c223 c1155 c41 
ChromeLitev7
c740 c185 c331 c960 c1065 c266 c641 c459 c1127 c461 c325 c1074 c1324 c907 c204 c908 c632 c950 c83 c1470 c1070 c1433 c779 c257 c432 c1254 c193 c72 c48 c648 c893 c1352 c1363 c1055 c881 c277 c797 c466 c439 c530 c1343 c680 c95 c1260 c414 c1029 c477 c310 c330 c782 c1366 c1076 c957 c662 c978 
ClassroomProv4
c1161 c407 c991 c676 c803 c293 c184 c1481 c780 c800 c1075 c1473 c892 c462 c23 c1257 c135 c382 c6 c649 c68 c675 c851 c826 c788 c470 c993 c1015 c615 c845 c20 c1401 c31 c388 c603 c1043 c588 c123 c847 
AndroidLitev9
c961 c1406 c386 c188 c854 c165 c322 c337 c1219 c105 c869 c829 c744 c390 c235 c1275 c1478 c1251 c584 c1157 c472 c999 c294 c121 c884 c825 c1349 
PatentsLitev8
c111 c1086 c326 c18 c436 c1450 c1456 c738 c514 c1170 c704 c574 c323 c701 c242 c1144 c90 c1342 c1467 c599 c275 c1182 c398 c1419 c1371 c679 c413 c1083 c817 c46 c1173 c1490 c626 c1397 c454 c422 c816 c824 c852 c120 c1422 c787 c737 c842 c793 c394 c264 c417 c162 
TravelProv9
c424 c846 c14 c1372 c560 c539 c53 c945 c401 c1253 c175 c678 c1283 c1282 c1048 c1488 c807 c1126 c1210 c814 
SkyXv9
c1322 c1234 c350 c1153 c1270 c291 c1040 c1461 c42 c1361 c1252 c1292 c1299 c1049 c1169 c1184 c1385 c1033 c751 c673 c1230 c994 c76 c839 c183 c1236 c910 c1468 c153 c1381 c387 c537 c1256 c1277 c526 c841 c1223 c882 c1368 c230 c1264 c368 c1245 c928 c966 c58 c151 c446 c1325 c1156 
DatabaseUltrav7
c784 c1073 c408 c1214 c97 c378 c964 c901 c364 c700 c334 c1305 c329 c1276 c553 c173 c1319 c486 c411 c410 c278 c1438 c1378 c132 c819 c938 c1104 c1373 c1317 c274 c1440 c890 c1367 c1177 c513 c170 c920 c677 c1417 c878 c495 c1165 c1064 c1387 c1492 c899 c656 c624 c455 c50 c1269 c1079 c712 c932 c26 c1489 
TranslateProv2
c1391 c77 c1472 c1414 c1172 c967 c931 c265 c228 c1050 c290 c1134 c628 c1400 c1395 c1243 c99 c1320 c1398 c211 c939 c1037 c1469 c311 c1023 c548 c155 c995 c818 c645 c971 c249 c1129 c579 c1226 c304 c965 c1019 c1248 
AndroidSv3
c270 c667 c554 c766 c959 c353 c1266 c248 c487 c65 c1242 c518 c664 c1002 c742 c200 c434 c844 c591 c80 c488 c716 c1265 c1054 c571 c308 c1418 c781 c915 c112 c415 c577 c683 c1090 c92 c100 c946 c225 c1241 c1218 c94 c715 c348 c73 c538 c589 c952 c697 
SkyNextv7
c1196 c1291 c918 c561 c898 c1067 c1271 c501 c1337 c840 c336 c1389 c897 c1279 c1225 c1318 c1123 c427 c833 c1499 c154 c86 c1491 c699 c986 c444 c669 c868 c858 c118 c540 c750 c625 c1109 c56 c734 c1431 c1093 c426 c622 c747 
StorageUltrav2
c1213 c468 c268 c767 c1099 c681 c795 c176 c36 c1232 c520 c1365 c1255 c1171 c1030 c1085 c498 c82 c224 c973 c855 c919 c1423 c1195 c396 c612 c1028 c1216 c1198 c686 c506 c1451 c821 c1080 c757 c719 c1411 c366 c374 c198 
NewsXv4
c299 c977 c614 c167 c542 c924 c761 c693 c87 c1098 c49 c60 c355 c1284 c1280 c511 c879 c658 c654 c32 c827 c1231 c306 c110 c1186 c665 c1146 c4 c303 c714 c148 c610 c1032 c1315 c208 c1059 c602 c267 c954 c1078 
LearnProv6
c976 c219 c367 c1141 c1164 c733 c1039 c255 c634 c857 c975 c786 c1494 c19 c327 c805 c500 c1124 c1057 c650 c1421 c510 c1374 c1115 c231 c450 c384 c263 c1444 c395 c1011 c213 c703 c652 c359 c1303 c134 c723 c133 c174 c1237 c1051 c785 c1151 c16 c307 c801 c647 c271 c393 
ChromeOSMaxv2
c940 c475 c1211 c1454 c1290 c545 c916 c725 c479 c923 c127 c600 c549 c770 c84 c708 c1041 c575 c1379 c891 c1012 c728 c982 c998 c1113 c465 c146 c195 c287 c509 c339 c261 
SitesXv7
c380 c605 c298 c412 c837 c385 c404 c98 c416 c1009 c463 c875 c160 c638 c1403 c351 c1348 c57 c107 c1179 c528 c1429 c1448 c1441 
MapsLitev1
c180 c281 c1016 c794 c551 c96 c373 c143 c536 c630 c1022 c894 c1326 c947 c504 c1377 c843 c862 c942 c912 c1114 c866 c1288 
FormsNextv5
c1455 c546 c1189 c707 c1197 c157 c1350 c1131 c783 c953 c1139 c1487 c1180 c203 c273 c1388 c933 c568 c67 c9 c864 c544 c573 c1121 c926 c194 c1207 c61 c182 c985 c1369 c88 c1140 c460 c1077 c1103 c730 c979 c171 c1018 c221 c172 c1405 c1339 c831 c989 c983 c40 c929 c344 c1416 c802 c525 c346 c1479 
FinanceLitev1
c936 c1069 c315 c1335 c663 c963 c1294 c1394 c689 c1143 c104 c333 c1493 c813 c874 c1439 c142 c1183 c1025 c1187 c5 c1415 c1066 c660 c233 c769 c1081 c115 c1341 c687 c357 c372 c75 c1072 
CalendarMaxv7
c1135 c1188 c301 c140 c1351 c269 c951 c755 c543 c606 c338 c962 c1485 c1307 c285 c423 c880 c39 c1272 c191 c399 c457 c52 c903 c218 c776 c159 
SlidesZv6
c1425 c362 c476 c1106 c987 c1240 c1206 c1176 c523 c570 c1185 c64 c1031 c1407 c1007 c974 c902 c1422 c70 c1217 c292 c478 c1001 c722 c1354 c397 c889 c925 c253 c1026 c806 c968 c1166 c871 c692 c1108 c1101 c1091 c485 c1249 c773 
ResearchLitev3
c848 c729 c668 c1273 c240 c713 c1202 c1003 c822 c1286 c302 c27 c1465 c409 c259 c37 c169 c1301 c405 c1137 c556 c1376 c736 c1263 c436 c598 c815 c136 c550 c877 c1149 c1310 c379 c433 c1333 c54 
ChromeUltrav3
c377 c1030 c1386 c762 c283 c1346 c853 c1420 c205 c1056 c557 c226 c215 c178 c1208 c234 c1058 c578 c777 c74 c335 
DriveNextv5
c905 c1092 c608 c192 c276 c643 c421 c850 c288 c216 c727 c220 c130 c883 c1000 c30 c1233 c391 c483 c1392 c443 c300 c1459 c356 c1408 c349 c507 c449 c68 c166 c1133 c621 c1021 c661 
PatentsProv3
c586 c565 c1080 c1047 c332 c448 c764 c1412 c481 c114 c1014 c1428 c229 c823 c1171 c1112 c324 c1482 c863 c1390 c1095 c1357 c809 c108 c295 c1329 c913 c452 c1063 c1154 c876 c1159 c1446 c106 c732 c1089 c1289 c1175 
FuchsiaZv7
c552 c66 c666 c596 c1160 c1484 c569 c739 c1062 c633 c1370 c437 c59 c672 c21 c505 c690 c1298 c616 c768 c1190 c636 c914 c607 c489 c469 c792 c480 c810 c161 c1068 c1452 c141 c604 c765 c347 c482 c900 c583 c1005 c996 c1304 c980 c319 c1259 c400 c698 c207 c671 c438 c623 c1340 c209 c955 c572 c12 c534 
ChromecastZv5
c1498 c1192 c369 c670 c597 c370 c653 c101 c1087 c519 c1332 c484 c917 c375 c464 c296 c419 c2 c832 c81 c241 c631 c179 c547 c775 c43 c62 c1281 c1308 c1052 c582 c1110 c156 c702 c247 c711 c887 c164 c6 c1 c1120 
PhotoSv9
c512 c790 c772 c1364 c250 c754 c541 c849 c1402 c724 c674 c1474 c389 c1297 c447 c1200 c515 c1295 c1462 c1194 c217 c992 c746 c189 c581 c745 c590 c190 c1221 c1158 c1447 c168 c532 c340 c289 c896 c944 c199 c1262 c1443 c895 c1410 c635 c997 c1442 c318 c1060 c1413 c418 c1268 c328 c24 c122 
VoiceNextv7
c531 c1426 c163 c1222 c22 c502 c640 c493 c492 c567 c69 c124 c1152 c1181 c1162 c651 c85 c403 c620 c129 c420 c969 c705 c246 c1247 c103 c352 c1457 c1336 c139 c1497 c341 c1404 c835 
GlassOSZv7
c1013 c284 c1436 c445 c316 c38 c576 c473 c1499 c474 c563 c943 c860 c1209 c1285 c360 c1474 c508 c499 c789 c1117 c695 c743 c282 c91 c1174 c619 c435 c867 c1250 
DatasetSearchZv7
c402 c935 c861 c948 c201 c1338 c845 c522 c1355 c1084 c297 c392 c763 c251 c79 c1313 c1136 c1393 c44 c429 c125 c272 c1122 c541 c720 c639 c1278 c111 c830 c1107 c1476 c595 c1008 c709 c535 c1071 c1128 c496 c721 c587 c258 c593 c1287 c1106 c922 c1027 c791 c254 
FlightsNextv3
c1328 c51 c1246 c1323 c706 c1274 c33 c1082 c1229 c1001 c119 c467 c197 c1168 c102 c428 c196 c772 c1362 c1347 c774 c618 c760 c1166 c309 c1125 c116 c738 c381 c1477 c516 c1212 c1006 c1475 c441 c371 c1170 c1375 c1496 c23 c1382 c131 c498 c63 c1427 c511 c1327 c93 c214 c1147 c1267 c731 c1314 
YouTubeXv1
c1034 c1330 c701 c778 c859 c252 c1145 c280 c497 c1486 c594 c71 c1088 c1015 c90 c1293 c1302 c1239 c1435 c1150 c1311 c8 c601 c28 c109 c426 c679 c988 c148 c1053 c559 c629 c138 c688 c1119 c886 c1399 c1190 c113 c993 
MarsProv2
c1035 c1045 c585 c181 c885 c342 c358 c478 c1004 c413 c580 c1460 c627 c1244 c990 c1380 c503 c117 c34 c684 c970 c1036 c1424 c236 c1359 c1038 c1344 c1321 c314 c152 c1176 c1044 c592 c1024 
PatentsZv3
c1353 c167 c798 c574 c836 c1396 c1091 c1443 c1227 c321 c86 c212 c361 c741 c1495 c303 c726 c927 c1471 c617 c1083 c7 c1334 c555 c1042 c1144 c144 c694 c659 c771 c312 c244 c793 c1217 c206 c1228 c566 c1199 c1384 c1078 c1437 c833 c514 c521 
GameSv2
c937 c657 c454 c611 c529 c232 c177 c696 c1409 c1206 c984 c1238 c981 c1102 c45 c1258 c440 c15 c262 c523 c494 c566 c646 c927 c293 c811 c752 c870 c749 c820 c490 c158 c406 c521 
DaydreamUltrav1
c934 c735 c186 c961 c494 c1297 c1203 c64 c1356 c562 c126 c177 c456 c238 c613 c1464 c1020 c267 c1384 c635 c150 c524 c906 c1463 c972 c470 c930 c422 c1309 c637 c644 c1111 c82 c10 c363 c244 c1491 c1017 c1358 c820 c227 c378 c187 c237 c313 
FlightsSv2
c817 c89 c811 c354 c609 c911 c239 c888 c1193 c312 c1409 c162 c872 c685 c1371 c1300 c317 c431 c602 c1067 c1185 c222 c471 c1228 c855 c1353 c210 c691 c35 c873 c451 c655 c771 c798 c1235 c1342 c298 c693 c1483 c1480 c973 c361 c787 c808 c1220 c394 c1148 c1411 
LoggingProv9
c758 c1132 c1397 c1451 c376 c1471 c1396 c1255 c696 c1312 c674 c1167 c1031 c1186 c506 c123 c17 c144 c941 c800 c458 c710 c286 c472 c718 c958 c345 c1215 c1010 c719 c795 c838 c756 c1437 c1306 c827 c529 c147 c7 c611 c816 c120 c741 c400 c748 c804 
OsZv8
c212 c418 c45 c626 c1432 c1261 c694 c617 c1495 c264 c49 c1199 c501 c406 c987 c821 c806 c796 c520 c1466 c25 c1240 c398 c232 c253 c366 c984 c490 c1099 c1238 c1490 c1026 c321 c555 c1401 c396 c262 c937 c430 c18 c726 c889 c749 c397 c128 c198 c1201 c318 c206 c724 c1430 c836 c1086 c657 c974 c485 
ImagesZv5
c1227 c4 c1097 c1200 c851 c250 c676 c275 c1442 c1458 c292 c495 c1280 c1093 c692 c1007 c417 c1182 c1334 c476 c326 c224 c1453 c158 c468 c87 c981 c1447 c1427 c646 c168 c1268 c1195 c1258 c1061 c1413 c992 c1434 c1216 c842 c737 c581 c1467 c1262 c462 c1456 c658 c852 c999 c1221 c323 c753 c70 c870 c717 
DuoZv7
c512 c588 c1232 c722 c884 c440 c1249 c208 c849 c1354 c599 c319 c299 c1032 c752 c919 c686 c15 c1161 c902 c116 c256 c1101 c1173 c1298 c389 c754 c46 c767 c1158 c5 
MapsSv2
c260 c925 c625 c745 c36 c189 c654 c334 c306 c968 c407 c614 c879 c489 c895 c649 c871 c1043 c824 c190 c242 c199 c31 c1102 c570 c1146 c1419 c744 c217 c757 c374 c714 c704 c1331 c1231 
GroupsUltrav2
c1415 c51 c803 c773 c24 c920 c1462 c746 c328 c612 c991 c118 c340 c1059 c197 c669 c1108 c105 c747 c1402 
FormsNextv1
c243 c92 c424 c898 c924 c110 c790 c56 c1407 c388 c383 c289 c1178 c386 c482 c1075 c542 c1082 c896 c1327 c765 c780 
PhotoLitev1
c678 c59 c810 c351 c847 c761 c1372 c1042 c1450 c1410 c1406 c955 c739 c584 c1213 c60 c165 c337 c383 c590 c699 
PhotoNextv6
c900 c225 c753 c447 c268 c382 c897 c583 c1125 c1229 c161 c996 c1295 c675 c365 c102 c1271 c1028 c135 c1331 c322 
ReleaseZv9
c659 c1098 c615 c1109 c1009 c610 c698 c347 c1060 c540 c560 c243 c1473 c1347 c944 c1375 c875 c1294 c1178 c505 c624 c532 c1142 c603 c604 c572 c1423 c1068 c1484 c878 c868 c184 c1431 c665 c1072 c1198 c1219 c914 c188 c980 c1318 c428 c561 c1177 c986 c21 c309 c734 c1481 
DuoMaxv4
c1275 c1314 c20 c122 c442 c1394 c401 c1194 c515 c681 c663 c554 c997 c427 c1279 c480 c441 c1210 c539 c516 c1315 c552 c1168 c1477 c580 c1337 c840 c899 c1382 c825 c1257 c760 c32 c918 c1066 c1478 c1196 c1212 c666 c528 
ShoppingUltrav8
c1242 c788 c53 c1225 c154 c1085 c1434 c1439 c1425 c294 c1097 c677 c41 c534 c1488 c1187 c858 c1475 c671 c607 c945 c1288 c892 c1157 c107 c633 
LoggingUltrav9
c1365 c894 c1246 c98 c977 c712 c362 c672 c731 c1317 c180 c642 c207 c906 c160 c1126 c57 c623 c1389 c1274 
ShoppingNextv6
c11 c690 c1061 c605 c381 c1179 c329 c1440 c1283 c1464 c1123 c1370 c1441 c829 c1323 c1304 c1005 c416 c274 c236 c1183 c1452 c260 c1364 c235 
PhotoProv2
c1081 c93 c1421 c256 c463 c1069 c364 c1147 c152 c717 c874 c1448 c371 c63 c769 c700 c1438 c437 c622 c819 c408 c33 c1319 c1291 c355 c175 c1391 c384 c947 
DreamUltrav9
c1267 c807 c126 c486 c715 c1276 c1251 c233 c1114 c278 c616 c774 c1116 c618 c942 c444 c932 c283 c214 c1025 
AndroidTVMaxv4
c142 c196 c716 c1341 c1348 c131 c1022 c904 c768 c1496 c488 c585 c1105 c94 c411 c814 c869 c363 c1253 c854 c281 c1037 c750 c1305 c613 c270 c1349 c1062 c596 c173 c104 c333 c119 c75 c420 c1335 c1284 c509 c687 c862 c1489 c469 c1054 c1079 c697 c357 c1004 c706 c112 c1265 c1321 c936 c1048 c826 c380 c327 c591 c12 c1024 
ImagesSv4
c954 c890 c1241 c467 c553 c1301 c598 c915 c952 c766 c792 c938 c1012 c636 c103 c651 c26 c1259 c569 c846 c145 c438 c66 c1143 c970 c630 c1011 c517 c548 c1214 c1445 c1418 c1387 c455 c683 c50 c577 c1073 c964 c1492 c1373 c1326 c181 c564 c912 c124 c390 c837 c385 c689 c132 c47 c117 
ChromecastSv2
c1367 c115 c656 c1064 c684 c393 c813 c579 c22 c812 c781 c1266 c1124 c97 c959 c963 c1453 c209 c1172 c660 c1378 c187 c73 c65 c1333 c1244 c518 c531 c1344 c336 c759 c308 c866 c1247 c373 c1340 c703 c923 c14 c55 c404 c1023 c434 c34 c352 c96 c141 c1165 c13 c620 c358 
FinanceSv2
c784 c990 c794 c143 c1316 c1429 c1328 c733 c510 c353 c1006 c320 c567 c502 c1460 c1038 c644 c1417 c1142 c127 c1457 c1345 c1426 c589 c16 c667 c1155 c1152 c1493 c228 c939 c372 c78 c1160 c885 c1269 c1458 c1362 c969 c456 c1104 
CurrentsLitev2
c403 c412 c246 c762 c415 c71 c48 c170 c901 c1302 c1130 c530 c638 c640 c1203 c1282 c341 c856 c100 c1380 c779 c255 c121 c3 c1056 c1472 c1290 c538 c930 c77 c315 c664 c571 c1045 c10 c263 
SecureLitev1
c723 c1046 c19 c998 c1400 c80 c916 c200 c1286 c69 c138 c835 c475 c1356 c1208 c1090 c629 c911 c226 c1449 
ChatLitev7
c556 c176 c1466 c410 c1057 c202 c843 c1111 c0 c245 c359 c705 c1303 c1134 c848 c1070 c946 c1020 c1204 c592 c211 c139 c1404 c504 c1237 c487 c1254 c735 c927 c265 c223 c1398 c545 c742 c853 c1376 c1351 c551 c74 c1036 c279 c395 c30 c650 c305 c1141 c1377 c1414 c186 c1127 c409 
AndroidAutoUltrav1
c222 c524 c557 c1358 c628 c822 c491 c500 c860 c1051 c1129 c99 c1263 c931 c479 c1403 c1383 c1100 c106 c558 c725 c1243 c536 c313 c205 c493 c113 c1424 c903 c682 c950 c1309 c965 c37 c237 c249 c1044 
DreamXv8
c365 c688 c1118 c218 c844 c756 c1494 c893 c1094 c770 c314 c301 c647 c28 c311 c1379 c652 c755 c1222 c155 c1163 c513 c497 c1112 c1454 c957 c921 c503 c1016 c859 c1446 c348 c473 c1034 c163 c238 c1019 c1002 c136 c729 c818 c129 c134 c483 c680 c342 c521 c1465 c1218 c1050 
MapsUltrav8
c1497 c1343 c193 c27 c1113 c367 c335 c600 c307 c1201 c450 c227 c824 c271 c95 c1175 c1211 c708 c1039 c1162 c257 c1430 c189 c934 c229 c137 c1463 c782 c1420 c1035 c645 c562 c432 c492 c728 c1336 c150 c291 c1017 c304 c967 c287 c1058 c240 c1164 c634 c1355 c641 c350 c204 c84 c805 c1368 c975 
VideoUltrav2
c972 c1486 c1193 c85 c796 c1065 c1361 c815 c1202 c1144 c1150 c1248 c995 c857 c1091 c976 c481 c302 c1320 c219 c169 c575 c231 c1149 c86 c195 c662 c465 c1432 c1181 c25 c1359 c1334 c1482 c234 c377 c54 c910 c971 c448 c609 c691 c1115 c801 c639 c1137 c1366 c1226 c430 c566 c785 c872 
StreamUltrav2
c1083 c1386 c549 c295 c72 c1307 c1273 c891 c146 c704 c339 c1119 c466 c637 c1390 c277 c1395 c988 c109 c627 c39 c876 c1055 c280 c1410 c259 c982 c324 c1324 c594 c128 c178 c1444 c1063 c252 c477 c174 c886 c1256 c1346 c114 c452 c740 c1381 c1014 c852 
SitesUltrav3
c713 c794 c439 c213 c451 c414 c1041 c621 c38 c1292 c1470 c1469 c1092 c1485 c1399 c248 c797 c1151 c793 c261 c550 c1293 c215 c732 c1053 c1169 c133 c310 c471 c1260 c1261 c748 c685 c83 c1374 c1174 c1325 c1088 c1250 c167 c1468 c1461 c433 c423 c399 c1311 c1299 
ExploreZv2
c254 c125 c183 c1013 c151 c1145 c290 c354 c91 c823 c331 c522 c535 c778 c543 c431 c300 c559 c1357 c316 c1236 c1197 c435 c1476 c790 c76 c210 c601 c764 c1300 c1188 c1076 c42 c643 c877 c405 c1330 c1435 c454 c632 c1252 c863 c648 c668 c1483 c913 c459 c880 c1010 c8 c269 c220 c332 c147 c873 c1289 c1122 
OsProv6
c35 c905 c655 c191 c1285 c216 c239 c690 c736 c1089 c1433 c383 c1153 c1006 c1264 c786 c325 c907 c951 c661 c469 c1213 c586 c608 c379 c1352 c809 c706 c871 c702 c960 c1412 c1422 c940 c1363 c317 c881 c52 c839 c1234 c1480 c514 c563 c808 c958 c1312 c1133 c981 c1220 c578 c1042 c1049 c1167 c1148 c841 c1074 c810 
BooksLitev3
c966 c925 c1310 c1160 c1154 c1071 c482 c1029 c1159 c606 c140 c804 c943 c867 c829 c266 c739 c590 c153 c776 c1338 c449 c908 c1392 c258 c1215 c165 c230 c1117 c743 c758 c576 c89 c596 c416 c673 c1156 c1393 c159 c1450 c777 c1428 c1329 c185 c484 c508 
DataSv1
c1322 c1407 c1245 c458 c1419 c79 c1003 c941 c1170 c1132 c338 c928 c387 c1235 c1005 c888 c955 c374 c192 c391 c752 c565 c345 c108 c1272 c1406 c349 c326 c461 c1362 c1306 c285 c56 c962 c854 c1230 c1348 c251 c242 c1217 c978 c272 c883 c519 c678 
DataUltrav8
c542 c386 c537 c1372 c544 c707 c574 c595 c282 c1000 c130 c1467 c523 c751 c850 c1364 c587 c1184 c1216 c720 c370 c360 c948 c457 c1075 c297 c429 c425 c526 c1048 
PhotoZv5
c1281 c584 c445 c36 c58 c221 c380 c1047 c1277 c330 c887 c838 c1209 c1269 c1233 c1179 c1027 c1103 c1496 c789 c143 c1408 c474 c293 c1249 c1084 c1040 c593 c446 c885 
AssistantSv6
c1231 c131 c31 c1287 c994 c421 c1120 c333 c356 c870 c1313 c201 c1332 c761 c1305 c1385 c1443 c1095 c1328 c1021 c718 c737 c499 c570 c156 c1459 c658 c1304 c585 c969 c659 c217 c1062 c833 c763 c306 c830 c989 c66 c882 c60 c780 c2 c828 c687 
CastOSSv8
c94 c286 c953 c375 c346 c4 c1079 c1107 c784 c199 c768 c1284 c757 c158 c166 c260 c869 c1349 c847 c443 
SecureProv9
c1239 c419 c376 c625 c924 c43 c402 c1093 c12 c935 c842 c507 c738 c164 c1388 c745 c372 c926 c368 c447 c110 
PixelMaxv2
c1078 c289 c1128 c203 c714 c1384 c1033 c149 c1004 c992 c303 c1192 c1087 c172 c1296 c695 c721 c709 c337 c179 c171 c104 c424 c1008 c895 c765 c597 c1370 c968 c194 c15 c744 c388 c954 c250 c112 c1345 c898 c573 c1436 c1458 c936 c357 
MoonMaxv6
c1441 c636 c462 c1327 c605 c772 c119 c496 c1135 c1182 c1060 c1001 c1223 c654 c323 c1110 c411 c1316 c1423 c922 c1136 c288 c588 c1452 c649 c861 c224 c9 c1096 c568 c710 c390 c1339 
FlightsXv2
c956 c1487 c1007 c453 c527 c44 c420 c1360 c1166 c468 c1341 c29 c243 c1350 c1278 c862 c389 c1123 c381 c791 c990 c1142 c937 c653 c1479 c525 c730 c1200 c896 c1429 c771 c101 c81 c407 c1416 c1227 c1158 c619 c1456 c646 c1104 c699 c142 c59 c329 c1061 c1308 c1342 c369 c939 c476 c87 c78 c1161 c392 c831 c775 
AlertsZv3
c1189 c385 c1473 c182 c75 c837 c1022 c582 c440 c983 c1138 c1205 c1146 c235 c70 c750 c276 c1270 c1335 c281 c510 c494 
KeepLitev6
c274 c228 c284 c1253 c290 c17 c722 c631 c275 c406 c1183 c547 c45 c1102 c196 c124 c1043 c1447 c1131 c157 c802 c1369 c460 c344 c1498 c851 c832 c1198 c1052 c1413 c1140 c879 c692 c910 
FlightsProv7
c267 c353 c670 c1082 c177 c1 c1321 c61 c1105 c1188 c320 c667 c1405 c711 c1258 c1457 c1417 c902 c241 c834 c161 c933 c464 c569 c322 c864 c697 c62 c1493 c1155 c1178 c814 c949 
ChromeZv2
c273 c88 c587 c1207 c296 c553 c511 c489 c46 c11 c1418 c583 c132 c589 c532 c85 c626 c614 c210 c247 c1018 c270 c1460 c912 c110 c917 c90 c733 c509 c1455 c559 c533 c964 c1139 c417 c1206 c488 c64 c1295 c979 c1121 c438 c490 c1073 c849 c1028 c117 c1077 c801 c498 c168 
CurrentsXv5
c985 c783 c727 c767 c915 c1024 c909 c190 c1098 c1038 c67 c512 c181 c1101 c799 c212 c820 c321 c792 c173 c970 c1191 c1427 c1180 c577 c1240 c1442 c938 c1271 c1426 c749 c363 c467 c1259 c567 
SitesProv2
c1195 c1464 c26 c1224 c1032 c897 c591 c1492 c892 c689 c351 c292 c92 c581 c665 c1054 c644 c1331 c534 c382 c40 c244 c195 c564 c1445 c145 c632 c1353 c1323 c826 c183 
FinanceNextv3
c610 c1037 c1199 c1265 c696 c944 c868 c1354 c566 c858 c1221 c846 c796 c1431 c734 c865 c327 c1214 c754 c575 c1241 c599 c996 c676 c1152 c815 c1387 c1495 c1181 c900 c135 c993 c1440 c671 c502 c798 c686 c603 c836 c904 c1425 c1373 c675 c716 c232 
StreetViewZv4
c952 c23 c413 c615 c1068 c478 c630 c1481 c976 c648 c470 c264 c198 c1489 c16 c206 c431 c105 c262 c268 c698 c1326 c1171 c971 c999 c47 c455 c1397 c1176 c1013 c546 c347 c515 
VideoProv1
c312 c1228 c236 c972 c1085 c130 c1435 c561 c501 c919 c459 c1371 c398 c1318 c850 c548 c929 c1143 c604 c873 c863 c1202 c523 c613 c1283 c343 c334 c984 c318 c683 
ShoppingUltrav6
c32 c154 c5 c1432 c50 c726 c355 c1297 c1226 c601 c123 c785 c980 c633 c651 c103 c1097 c282 c188 c231 c844 c18 c42 c218 c505 c456 c422 c294 c457 c1011 c555 c788 c82 c1268 c1248 c991 c184 c76 c1320 c361 c823 c299 c764 c1109 c517 
LoggingUltrav4
c766 c1099 c1280 c348 c1168 c220 c913 c657 c1125 c1242 c778 c1065 c884 c572 c811 c694 c1229 c889 c1150 c681 c1359 c880 c354 c1364 c1478 c397 c465 c977 c426 c300 c961 c753 c319 c331 c741 c148 c1475 c332 c1411 
FlightsUltrav5
c827 c317 c945 c773 c1262 c668 c472 c1187 c806 c746 c899 c362 c485 c234 c719 c1257 c1225 c1076 c366 c1294 c817 c1177 c302 c1357 c405 c49 c602 c787 c495 c973 c1197 c1488 c340 c311 c543 c1437 c225 
GroupsProv1
c574 c890 c1298 c997 c720 c1115 c840 c520 c1238 c1471 c877 c21 c1157 c442 c544 c857 c401 c471 c921 c821 c586 c529 c1010 c428 c935 c162 c208 c436 c1239 c396 c679 c1300 c609 c1149 c528 c481 
ChatZv9
c1490 c129 c995 c825 c1030 c643 c309 c127 c1184 c1382 c526 c790 c607 c399 c1015 c53 c872 c1439 c1086 c1288 c454 c473 c677 c617 c974 c1409 c298 c986 c1375 c125 c724 c377 c1330 c1315 c1236 c732 c144 c328 c957 
DriveMaxv5
c269 c540 c1289 c1379 c642 c1491 c427 c622 c20 c1399 c7 c914 c365 c1145 c693 c987 c652 c248 c1190 c316 c674 c292 c1222 c25 
FinanceProv4
c1401 c1185 c513 c102 c924 c598 c1059 c1252 c435 c107 c800 c8 c1069 c859 c612 c1000 c430 c394 c1486 c662 c1279 c33 
OsXv9
c1483 c701 c169 c24 c1009 c1026 c1347 c1484 c672 c611 c1016 c688 c826 c147 c12 c1080 c91 c920 c122 c1255 c691 c878 c745 c1448 c1108 c689 c1337 c400 c164 c1012 c1365 c578 c1075 c1194 c155 c521 c621 c663 c134 c1048 c1137 
MapsZv4
c1232 c1091 c93 c1361 c1135 c54 c940 c1301 c747 c120 c368 c841 c926 c738 c1482 c1334 c539 c666 c197 c1122 c1196 c98 c118 c254 c795 c1106 c1218 c386 c253 c1173 c647 c1274 c152 c372 c136 c918 c803 c41 c1454 
WearOSProv5
c1089 c816 c215 c418 c219 c1072 c503 c1434 c57 c370 c1451 c1462 c338 c419 c213 c875 c760 c855 c1396 c1366 c1477 c669 c408 
GmailZv1
c297 c238 c1293 c974 c1094 c729 c1374 c402 c786 c664 c535 c907 c623 c133 c1391 c1476 c1499 c1474 c635 c1251 c1088 c697 
AndroidTVProv9
c378 c1465 c1261 c1112 c1153 c717 c412 c1212 c1118 c522 c1446 c1217 c167 c1402 c1469 c1144 c560 c713 c1314 c624 c1186 c448 c497 c769 c797 c842 c1148 c360 c1317 c1151 c541 c325 c1210 c108 c371 c441 c176 c256 c314 c1193 c1319 c1485 c809 
MapsXv8
c1312 c542 c6 c639 c947 c552 c207 c439 c163 c1386 c932 c1129 c1002 c1467 c496 c1389 c514 c655 c83 c506 c618 c861 c731 c301 c1220 c288 c1216 
SearchNextv4
c537 c906 c580 c241 c345 c1275 c948 c563 c1452 c810 c711 c755 c1056 c303 c1147 c1493 c40 c1407 c1169 c1358 c793 c349 c1163 c1093 c1306 c986 c483 
TranslateNextv9
c1167 c853 c309 c463 c1044 c1114 c1400 c1176 c425 c551 c638 c403 c151 c707 c680 c714 c364 c342 c1049 c1184 c808 c239 c179 c1246 c1412 c86 c1 c1330 c1128 
NewsZv4
c1090 c709 c625 c1223 c216 c881 c898 c627 c1260 c1415 c736 c191 c1188 c1480 c458 c414 c1394 c461 c516 c712 c1421 c595 c774 c1388 c1383 c644 c1020 c69 c242 c1372 c818 c324 c1433 c1213 c278 c433 c1490 c1299 c261 c63 c1444 c756 c175 c214 c677 c1494 c616 c160 c894 c1285 
DocsZv8
c1375 c437 c1224 c480 c272 c68 c469 c1405 c376 c512 c1291 c116 c1050 c1130 c1311 c43 c1377 c661 c1325 c554 c1067 c526 c245 c1439 c695 c3 c922 c52 c1033 c685 
StreamNextv8
c1422 c507 c962 c51 c617 c463 c144 c702 c500 c640 c1272 c1133 c1363 c1323 c233 c955 c751 c310 c1489 c1395 c1464 c119 c486 c387 c893 c557 c451 c960 c127 c447 c1424 c1074 c1409 c171 c28 c190 c384 c700 c565 c949 c549 c835 c111 c1468 c946 c1063 
GameZv2
c1015 c742 c703 c772 c1025 c1155 c351 c1066 c100 c1234 c1081 c588 c1110 c1174 c53 c721 c104 c1034 c845 c1352 c1235 c1124 c1172 c1258 c121 c1078 
DatasetSearchNextv3
c546 c99 c536 c211 c270 c1008 c138 c779 c80 c710 c444 c550 c415 c200 c819 c749 c204 c1041 c839 c1082 c1346 c636 c567 c1426 c1100 c941 c126 c383 c1321 c374 c1243 c931 c965 c251 c792 
PhoneProv5
c968 c1192 c424 c161 c1136 c1045 c872 c379 c491 c172 c534 c1182 c209 c464 c341 c643 c84 c628 c556 c928 c1051 c285 c71 c1053 c933 c1382 c284 c323 c978 c1461 c1340 c715 c289 c377 c97 c178 c814 c874 c16 c895 c723 c1470 c265 c17 c951 c1356 c423 c748 c10 c848 c1309 
StreetViewLitev5
c1381 c1406 c462 c1054 c690 c226 c1126 c995 c382 c429 c927 c1419 c1345 c1105 c180 c888 c568 c864 c1219 c1264 c1404 c477 c1380 c321 c1378 c308 c958 c524 c38 c992 c128 c916 c915 c770 c1370 c963 c279 c125 c905 c1157 c192 c391 c538 c1267 c1132 c1282 c35 c752 c581 c851 c822 c1003 c998 
DaydreamZv6
c612 c1292 c170 c504 c558 c1203 c1032 c866 c1206 c1438 c1362 c744 c388 c315 c252 c249 c367 c1344 c337 c812 c1348 c1436 c1403 c177 c1390 c244 c1102 c902 c735 c205 c594 c237 c1141 c607 c1043 c1237 c1303 c9 c313 c834 c667 c255 c954 c22 c724 c352 c561 c1042 c896 c1195 c373 c0 c705 c139 c106 c865 c656 
StreamXv2
c181 c807 c353 c498 c1458 c26 c1111 c1116 c1457 c892 c1006 c1230 c1398 c934 c908 c409 c518 c411 c1086 c186 c654 c650 c224 c708 c263 c1414 c1036 c670 c790 c454 c509 c1134 c183 c1030 c430 c608 c187 c682 c173 c1024 c1449 c246 c1098 c529 c493 c56 c27 c55 c336 c767 c15 c304 c1290 c1276 c109 c871 c202 c305 c1096 
ChromeSv2
c151 c267 c149 c34 c1369 c96 c982 c307 c115 c194 c1247 c1219 c909 c1322 c891 c813 c358 c1236 c48 c571 c1265 c1445 c1472 c641 c632 c662 c141 c1324 c1004 c61 c1315 c1296 c64 c174 c1165 c146 c19 c545 c930 c1058 c1046 c203 c112 c79 c1207 c286 c393 c1423 c157 c250 c1119 c1245 
GlassOSUltrav7
c410 c857 c975 c429 c597 c396 c781 c683 c1127 c1162 c727 c290 c1288 c1331 c579 c805 c923 c342 c8 c425 c1376 c1420 c820 c854 c37 c562 c434 c883 c475 c901 c268 c1244 c1367 c479 c436 c686 c620 c765 
ScholarZv1
c322 c240 c1092 c676 c1327 c725 c298 c985 c1339 c466 c492 c1250 c257 c1336 c390 c903 c564 c996 c680 c843 c1453 c467 c417 c395 c1298 c236 
AndroidTVSv9
c1142 c92 c260 c1410 c603 c283 c630 c1199 c856 c1005 c802 c359 c1070 c1253 c1208 c62 c637 c1180 c1434 c573 c394 c759 c994 
ConnectNextv4
c280 c733 c679 c222 c942 c1441 c645 c599 c649 c1329 c706 c863 c1302 c23 c976 c911 c1204 c533 c886 c129 c67 c102 c14 c760 c1035 c1178 c592 c728 c569 c259 c262 c879 c1087 c1023 c531 c890 c1266 c1326 c46 c1113 
SearchSv2
c247 c1000 c1031 c1115 c1170 c600 c897 c137 c1252 c547 c1417 c605 c1057 c981 c195 c65 c1246 c328 c660 c722 c74 c629 c1273 c86 c1047 c1074 c799 c1164 c777 c987 c1307 c1159 c1055 c1143 c150 c825 c357 c413 c490 c1211 c1263 c320 c459 c73 c972 c223 c1060 c1316 c860 
ReleaseMaxv8
c740 c876 c1384 c919 c1430 c626 c1481 c794 c77 c1286 c1256 c967 c1010 c88 c1039 c13 c1014 c502 c1277 c1442 c327 c291 c193 c264 c1214 c732 
VoiceUltrav2
c72 c875 c999 c1427 c39 c277 c105 c51 c1486 c675 c404 c929 c107 c1064 c113 c168 c698 c1101 c979 c1238 c614 c1017 c1254 c971 c574 c1052 c850 c604 c392 c959 c598 c763 c783 c1185 c559 c1492 c1451 c198 c613 c30 c1401 c339 c1268 c239 c1083 c468 c877 c936 c832 c114 
DaydreamSv6
c273 c312 c455 c1460 c330 c487 c858 c938 c1103 c751 c789 c743 c350 c852 c904 c1498 c47 c364 c1059 c453 c208 c488 c1412 c631 c199 c762 c684 c219 c836 c1201 c1139 c1140 c1013 c665 c615 c489 c189 c450 c438 c1343 c1463 c1497 c271 c591 c988 c1085 c343 c700 c1447 
NewsZv2
c855 c1351 c60 c869 c1413 c145 c90 c788 c840 c970 c432 c481 c228 c384 c1428 c619 c1191 c1061 c1118 c1001 c634 c1416 c196 c678 c1270 c1300 c1333 c900 c428 c58 c804 c584 
PhoneProv7
c720 c296 c258 c532 c124 c1496 c347 c537 c1397 c1354 c651 c363 c1073 c609 c403 c1212 c21 c1328 c944 c1259 c103 c94 c997 c846 c333 c1193 c274 c287 
CultureLitev7
c418 c206 c1163 c1239 c669 c1287 c1355 c515 c953 c659 c201 c577 c1166 c398 c1408 c1435 c983 c162 c950 c135 c1330 c1002 c885 c520 c1028 c95 c1387 
CurrentsXv7
c460 c227 c716 c833 c1167 c445 c566 c1455 c1175 c212 c85 c163 c507 c1040 c474 c873 c344 c964 c1249 c1170 c754 c276 c648 c862 c1471 c29 c1221 c229 c435 c1283 c1440 c956 c1107 c687 c452 c266 c406 c1144 c1240 c1353 c1149 c1338 c443 c1038 c44 c912 c943 c924 c1418 
VoiceXv4
c293 c250 c707 c375 c45 c1429 c519 c525 c399 c1060 c1216 c838 c693 c478 c1 c1029 c1132 c791 c925 c1366 c380 c310 c593 c1425 c704 c917 c957 c1181 c1183 c101 c1121 c824 c800 c553 c868 c1396 c431 c132 c821 c501 c318 c335 c1466 c768 c808 
AndroidSv7
c1105 c1037 c275 c1202 c952 c1161 c1271 c548 c420 c1145 c801 c560 c1200 c1350 c1304 c796 c111 c1231 c1241 c882 c1154 c470 c117 c1198 c1360 
BooksXv3
c1456 c513 c153 c35 c893 c1131 c638 c1310 c506 c947 c1373 c496 c589 c640 c471 c1071 c1269 c699 c718 c232 
ChromeProv4
c185 c59 c440 c1468 c62 c946 c1279 c334 c633 c210 c1128 c76 c610 c775 c448 c145 c230 c1459 c673 c414 c902 c289 c2 c962 c585 c1215 c1074 c955 c1095 c1173 c726 c522 c660 c1031 c928 c119 c1308 c1084 c82 c859 c1278 
CastOSXv2
c692 c253 c89 c419 c984 c360 c1495 c1044 c442 c389 c1462 c1068 c151 c1228 c1443 c887 c1156 c166 c757 c142 c966 c1138 
ChartsLitev5
c1295 c921 c758 c217 c853 c829 c552 c180 c937 c1232 c446 c1109 c1345 c888 c299 c511 c551 c11 c182 c1389 c914 c499 c935 c1363 c1424 c1027 c1431 c346 c657 c734 c1275 c1372 c523 c1021 c1227 c939 c356 c530 c646 c184 c867 c1393 c1126 c381 c508 c484 c1349 c1206 c1054 c1467 
FuchsiaLitev1
c1248 c1371 c514 c542 c583 c233 c570 c1123 c83 c1019 c149 c982 c1171 c575 c910 c1089 c1473 c969 c1018 c401 c150 c407 c667 c1226 c671 c1007 c770 c221 c1062 c18 c1184 c831 c1003 c527 c79 c1152 c81 c538 c1385 
ScholarXv7
c1320 c798 c355 c528 c1104 c179 c714 c1282 c576 c544 c847 c1072 c38 c1404 c1001 c1477 c1049 c140 c316 c1394 c1120 c784 c286 c369 c1267 c143 c61 c462 c1222 c864 c1332 c739 
StreamZv6
c785 c473 c764 c1335 c33 c635 c1186 c480 c948 c601 c357 c447 c141 c235 c545 c361 c632 c28 c1273 c1281 c452 c1247 c328 c555 c980 c1284 c606 c958 c782 c776 c1272 c70 c25 c595 c587 c653 c580 c1079 c1313 c156 c1402 c590 c31 c886 c1146 c194 c1368 c891 c990 c995 c880 c1189 c295 c87 
SitesProv9
c482 c365 c1438 c1419 c207 c1245 c476 c624 c1069 c828 c1470 c144 c1045 c658 c1112 c1480 c1314 c1233 c517 c1077 c1432 c505 c1305 c1296 c371 c981 c596 c1445 c1219 c1307 c730 c1359 c830 c1117 c591 c639 c385 c582 c75 c1479 c1165 
BloggerNextv6
c818 c951 c617 c906 c823 c1055 c329 c223 c1450 c421 c1306 c731 c1057 c905 c320 c249 c192 c1114 c897 c457 c54 c1452 c1322 c750 c456 c1158 c306 c78 c1097 c1494 c303 
FormsZv3
c586 c1151 c443 c1465 c1441 c1403 c391 c607 c618 c652 c397 c146 c1147 c530 c67 c301 c1422 c213 c1436 c1153 c844 c500 c226 c1369 c873 c1020 c933 c629 c1357 c1148 
StadiaProv2
c1217 c1409 c1050 c19 c170 c50 c127 c1319 c281 c1221 c4 c1205 c338 c120 c294 c1280 c36 c780 c243 c1042 c1053 c1093 c678 c1297 c388 c1264 c1318 c1485 c992 
SearchLitev1
c616 c894 c354 c573 c459 c404 c154 c128 c1004 c1201 c23 c1492 c1454 c309 c856 c713 c600 c1017 c159 c463 c524 c625 c728 c42 c458 c377 c711 c763 c563 c881 c288 c17 c771 
PatentsLitev7
c870 c1392 c477 c1046 c339 c723 c1491 c571 c57 c378 c131 c231 c116 c558 c1341 c960 c874 c787 c20 c110 c1399 c422 c1190 c835 c543 c813 c269 c842 c408 c737 c549 c112 c811 c940 c195 c655 c1388 c32 c5 c1370 c1122 c302 c825 c319 c541 c1236 c504 c427 
BloggerProv4
c282 c314 c753 c761 c114 c449 c912 c755 c439 c426 c256 c1400 c1474 c568 c1292 c978 c1423 c952 c461 c1229 c989 c247 c125 c177 c174 c916 c1487 c963 c861 c1178 c1340 c1099 c106 c1476 c370 c690 c137 c215 c387 c1136 c227 c168 c1160 c503 c836 c1142 c815 c1038 
ArtsZv2
c494 c736 c557 c1119 c73 c130 c642 c1489 c666 c744 c1323 c696 c165 c1169 c1223 c96 c1415 c9 c115 c1125 c160 c1472 c1263 c1067 c1220 c1312 c712 c158 c1091 c516 c605 c451 c1433 c998 c1482 c565 c382 c358 c84 c331 c376 c1133 c837 c1417 c441 c1342 c936 c866 c816 c188 c308 c649 c716 c6 c1262 c752 c918 c212 
ChromecastNextv2
c1380 c860 c167 c754 c481 c1209 c367 c1196 c279 c1063 c1463 c1265 c930 c783 c909 c121 c1194 c1356 c1333 c1261 c1316 c1225 c313 c63 c1458 c285 c1000 c491 c148 c815 c129 c40 c1395 c1353 c769 c1011 c326 c244 c24 
WearOSMaxv1
c326 c252 c1129 c1137 c547 c717 c1344 c344 c1289 c751 c694 c307 c1252 c895 c949 c209 c1379 c748 c261 c92 c1210 c203 c911 c1106 c1291 c627 c118 c1164 c65 c1107 c608 c599 c1378 c1406 c561 c190 c97 c152 c175 c1348 c123 c822 c1149 c1260 c353 c68 c229 c537 c483 c766 c90 c1390 c1434 c1274 c531 c169 c675 c774 
YouTubeMaxv8
c1242 c325 c1386 c738 c611 c674 c267 c1086 c48 c10 c809 c464 c594 c810 c1488 c352 c942 c1361 c534 c1167 c510 c702 c932 c701 c1204 c797 c834 c572 c1337 c406 c1108 c746 c423 c214 c470 c237 c74 c34 c581 
FuchsiaSv8
c1486 c485 c783 c778 c646 c433 c337 c1211 c862 c492 c927 c1469 c332 c913 c262 c1300 c1389 c512 c1087 c409 c1175 c503 c474 
ResearchProv3
c1187 c709 c341 c731 c900 c1493 c569 c1241 c171 c1051 c747 c1143 c69 c157 c497 c677 c139 c1070 c1058 c795 c920 c662 c1253 c637 c1351 c956 c280 c1464 c877 c254 c649 c259 c16 c1102 c1218 c155 c1064 c1295 c1250 c47 c954 c502 c758 c993 c1362 c724 c1358 c532 c592 
DrawingsLitev8
c665 c113 c1294 c926 c1047 c1257 c1207 c972 c672 c1195 c1032 c1076 c1446 c898 c1317 c641 c644 c970 c14 c615 c643 c39 c812 c705 c315 c321 c759 c988 c1301 c161 c437 c413 c735 c1483 c706 c889 c11 c102 c1410 c180 c1192 c964 c445 c1191 c248 c715 c1176 c7 c1005 c999 c1373 c1030 c1324 c432 
ChromeZv7
c1115 c687 c987 c43 c277 c297 c435 c1101 c163 c51 c450 c93 c1126 c1016 c1455 c1025 c323 c1083 c801 c1023 c490 c91 c1255 c72 c386 c49 c187 c1339 c896 c1135 c158 c1407 c613 c265 c1315 c412 c989 c273 c799 c1177 c275 c552 c976 c486 c924 c1179 c1240 c1401 c1040 c453 
SantaTrackerSv6
c192 c272 c266 c1475 c535 c943 c283 c841 c1230 c991 c284 c1447 c908 c1338 c446 c1141 c222 c804 c1065 c650 c1193 c1381 c756 c1303 c986 c1078 c628 c548 c1085 c1328 c559 
SitesMaxv7
c1246 c1022 c134 c460 c147 c648 c884 c1276 c786 c634 c271 c324 c630 c1009 c1413 c366 c66 c1496 c220 c1145 c22 c1088 c539 c372 c305 c1302 c945 c849 c564 c1237 c493 c803 c487 c872 c1471 c191 c1019 c603 c1037 c1224 c300 c971 c1309 c373 c465 c681 c840 c959 c1075 c176 c1316 c1421 c1139 c205 c656 c968 
DaydreamProv6
c1347 c1440 c645 c1208 c793 c1354 c619 c855 c1383 c647 c85 c1113 c100 c263 c416 c827 c869 c574 c685 c663 c345 c762 c1285 c614 c760 c1157 c41 c806 c1043 c679 c977 c863 c508 c1484 c208 c1197 c1249 c1411 c362 c1052 c1048 c598 c455 c1266 c851 c540 c1150 c668 c392 c379 c218 c1418 c961 c46 c794 c1026 c311 c1428 
BloggerLitev6
c1353 c1012 c228 c1238 c394 c915 c1499 c350 c719 c393 c336 c98 c888 c832 c255 c1213 c511 c21 c722 c1304 c1071 c507 c0 c216 c260 c997 
DrawingsUltrav1
c1034 c979 c169 c347 c1021 c1467 c368 c691 c718 c1444 c781 c584 c1310 c1270 c383 c865 c871 c292 c1476 c469 c965 c435 c1449 c1456 c109 
ShoppingProv1
c861 c1427 c1154 c86 c245 c814 c384 c893 c850 c438 c876 c904 c241 c1028 c1439 c488 c1414 c107 c867 c330 c234 c178 c761 c363 c1059 c1198 c698 c217 c1450 c173 c1406 c468 c556 c215 c1460 c807 c938 c640 c1442 c483 c934 c622 c172 c52 c935 c922 c1293 c750 c612 c198 c370 c1182 
DatasetSearchUltrav4
c405 c12 c1098 c802 c489 c108 c1498 c688 c1416 c381 c64 c1497 c348 c921 c1131 c29 c1374 c1180 c849 c929 c745 c349 c1152 c1057 c1006 c602 c274 c364 c1478 c733 c907 c1200 c1490 c1188 c1041 c1022 c271 c1013 c55 
FormsProv2
c133 c1159 c1364 c506 c817 c1168 c1111 c818 c359 c734 c105 c15 c136 c1424 c197 c936 c1035 c60 c327 c1375 c741 c402 
SlidesXv7
c1061 c132 c1393 c930 c491 c498 c1363 c700 c307 c420 c699 c1437 c1286 c242 c326 c895 c484 c278 c164 c875 c682 c710 c1114 c1251 c931 c743 c317 c987 c1271 c71 c1097 c967 c351 c374 c1448 c411 c1116 c684 c878 c609 c868 c118 c287 c1417 c899 c1232 c322 c111 c1259 c44 c1327 c1329 c1199 c911 
SkyUltrav1
c694 c892 c816 c209 c623 c291 c523 c238 c651 c566 c117 c200 c239 c387 c486 c1289 c725 c1349 c63 c519 c456 c1275 c1185 c727 c1452 c777 
SkyUltrav9
c1033 c312 c533 c1428 c202 c56 c390 c1130 c1431 c1027 c740 c914 c378 c421 c225 c1256 c1144 c130 c589 c1080 c340 c819 
GroupsProv2
c303 c1142 c1471 c578 c122 c395 c78 c1391 c1054 c529 c343 c299 c125 c30 c1254 c1398 c833 c1343 c96 c1234 c941 c656 c1311 c1352 c1212 c1334 c1461 c1014 c246 c1481 c1227 c90 c1109 c1094 c1235 c66 c182 c843 c1174 c1066 c1423 c1380 c853 c1231 c1081 c1326 c13 c1258 c720 c789 
ConnectUltrav5
c742 c560 c203 c984 c879 c1323 c1299 c1494 c346 c1405 c232 c89 c829 c1038 c905 c1451 c796 c882 c276 c1415 c9 c551 c175 c1430 c1372 c1158 c858 c186 c924 c670 
GlassOSZv2
c1209 c1206 c296 c518 c690 c1118 c1056 c1010 c526 c1379 c1457 c638 c721 c604 c439 c773 c919 c729 c457 c1105 c1360 c329 c732 c654 
GlassOSNextv9
c1011 c219 c1096 c359 c53 c944 c1371 c1268 c494 c1350 c767 c190 c184 c124 c1090 c509 c521 c950 c1277 c356 c766 c41 c550 c1412 c1466 c1246 c897 c1024 c449 c1290 c872 c1365 c903 c479 c1453 c520 
SlidesMaxv6
c204 c1160 c1390 c753 c1063 c1134 c251 c400 c499 c258 c92 c562 c430 c1036 c1007 c403 c1333 c1397 c174 c234 c630 c770 c244 c58 c657 c634 c191 c1161 c65 c579 c1336 c860 c1445 c554 c424 c3 c947 c565 c26 c890 c680 c54 c77 c1168 c472 c848 c631 c402 c224 c1092 c495 c664 c536 c1384 c35 c556 c384 c1069 
DataSv2
c40 c269 c451 c1263 c717 c138 c951 c1170 c1196 c223 c788 c466 c792 c467 c249 c320 c676 c81 c453 c176 c172 c1382 c1482 c428 c247 c937 c799 c382 c104 c716 c231 c513 c695 c344 c183 c661 c80 c1220 c845 c229 c52 c822 c1464 c1055 c1274 c199 c88 c1008 c257 c1140 c181 c968 c636 c1177 c1133 c741 
ChromecastNextv4
c790 c1210 c737 c1345 c803 c696 c313 c960 c1016 c1255 c165 c1178 c1344 c1341 c621 c1035 c1101 c1262 c571 c1291 c1240 c1115 c1292 c842 c401 c996 c372 c1068 c606 c1119 c1073 c846 c147 c854 c1407 c909 c751 c774 c1298 c68 c1193 c1159 c366 c1000 c1203 c1269 c754 c282 c1 c1083 c973 c666 c1421 c597 c1124 c441 c279 c884 c376 
ArtsSv6
c752 c748 c233 c568 c363 c603 c627 c1044 c976 c24 c1151 c391 c197 c1136 c906 c596 c425 c546 c814 c959 c1487 c419 c1378 c6 c948 c966 c8 c1089 c460 c49 c415 c1137 c256 c1213 c333 c1082 
SmartLitev2
c1244 c1475 c826 c1243 c189 c99 c994 c1147 c1100 c142 c1067 c917 c1462 c1183 c1305 c1266 c1408 c318 c1455 c1228 c1491 c839 c1226 c836 c493 c27 
SantaTrackerLitev5
c1019 c1425 c285 c617 c1099 c293 c107 c1395 c1315 c1400 c1091 c527 c428 c1129 c240 c91 c1123 c177 c1225 c1322 c436 c744 c719 c500 c840 c985 c103 c1296 c1281 c431 c438 c275 c608 c1382 c471 c123 c79 c1039 c86 c1276 c188 c806 c1194 c1202 c1164 
CastOSUltrav6
c823 c1340 c221 c530 c227 c998 c22 c1306 c1467 c1110 c674 c975 c198 c974 c971 c1438 c324 c516 c915 c1155 c73 c552 c1223 c298 c1321 c448 c265 c314 c1497 c160 c1381 c444 c1287 c852 
LearnNextv3
c1283 c386 c1499 c418 c153 c308 c1411 c1260 c1165 c1480 c270 c72 c782 c963 c1318 c306 c1237 c496 c1117 c830 c515 c1309 c697 c487 c1314 c1288 c1049 c461 c373 c1219 c1302 c1012 c1023 c1127 
FinanceMaxv3
c1162 c838 c1420 c216 c295 c473 c1229 c648 c605 c583 c768 c1325 c620 c1121 c136 c547 c261 c1463 c1106 c1171 c1489 c540 
TranslateXv6
c1358 c55 c277 c424 c1103 c1208 c407 c817 c811 c141 c1444 c1367 c1059 c1484 c708 c707 c210 c639 c835 c676 
AndroidMaxv2
c981 c304 c1376 c196 c978 c1426 c736 c1125 c94 c1365 c1477 c114 c465 c60 c1238 c1074 c236 c208 c1179 c297 c399 c454 c1070 c939 c1303 c32 c949 c1122 c450 c95 c567 c967 c772 c1436 c1312 c305 c1331 c162 c178 c151 
WebserverMaxv3
c1359 c379 c935 c51 c901 c434 c43 c1474 c25 c148 c637 c193 c831 c159 c397 c506 c668 c1163 c757 c555 c468 c1043 c139 c517 c1434 c220 c126 c695 c1239 c912 c1283 
CurrentsUltrav6
c1172 c538 c553 c795 c507 c83 c499 c575 c765 c495 c593 c1064 c226 c410 c212 c116 c1120 c549 c867 c852 c1399 c808 c205 c1351 c542 c1149 c228 c551 c358 c158 c756 c1169 c426 c653 c557 c97 c20 c152 c253 c93 c724 c687 c1356 c801 c1186 c525 c16 c997 c393 c129 c482 c1285 
GameMaxv5
c37 c0 c658 c137 c1377 c1002 c1342 c273 c478 c786 c1214 c1003 c29 c483 c1364 c1088 c916 c54 c823 c396 c290 c164 c149 c252 c1383 c255 c1056 c75 c163 c626 c859 c614 c952 c171 c655 c686 
SmartZv3
c301 c278 c466 c1479 c955 c647 c1286 c904 c1458 c558 c142 c813 c1146 c1036 c412 c1132 c920 c933 c1310 c92 c448 c414 c374 c798 c1346 c1448 c1077 c160 c561 c1244 c844 c15 c446 c993 c586 c217 c987 c172 c562 c1473 c702 c155 
DataMaxv3
c769 c628 c1424 c207 c1156 c514 c361 c841 c531 c1157 c1348 c1060 c319 c582 c241 c166 c1495 c1018 c1360 c1198 c331 c1273 c475 c1180 c1062 c1029 c714 
PatentsMaxv8
c1261 c18 c1288 c1218 c969 c1335 c245 c442 c57 c524 c381 c266 c1025 c364 c353 c1153 c531 c660 c59 c308 c1439 c418 c1126 c807 c482 c544 c1442 c42 
ImagesNextv7
c501 c323 c929 c146 c821 c1392 c591 c1107 c105 c1443 c490 c505 c1416 c698 c1396 c943 c683 c866 c21 c1245 c87 c230 c345 c747 c827 c570 c213 c1248 c488 c380 c1414 c712 c112 c420 c211 c242 c1150 c84 c963 c1092 c264 c1145 c1329 c201 c284 c730 c832 c1402 c77 c876 c940 c335 c5 c622 c793 c755 c134 
ScholarMaxv3
c1189 c276 c398 c1046 c187 c1024 c1313 c1272 c1216 c349 c1387 c1290 c942 c206 c1332 c194 c1166 c824 c983 c750 c1418 c938 c1111 c900 c357 c953 c1447 c1478 c110 c1435 c498 c975 c599 c1401 c788 c1252 c758 c131 c692 c1246 c588 c389 c115 c183 c367 c1148 c127 c385 c684 c58 c293 
WebserverZv2
c1154 c713 c662 c704 c204 c559 c1372 c860 c618 c873 c1450 c1357 c1084 c4 c1472 c874 c1207 c1265 c29 c1498 c365 c1476 c324 c991 c856 c961 c661 c28 c741 c1187 c1468 c40 c701 
PhoneUltrav9
c185 c184 c1472 c370 c1194 c677 c145 c209 c675 c1300 c1312 c650 c749 c168 c850 c222 c342 c1112 c1370 c882 c144 c191 c1181 c1463 c224 c1027 c871 c1199 c580 c1265 c278 c716 
SlidesUltrav6
c1106 c326 c427 c1293 c341 c888 c1475 c646 c1135 c1122 c787 c1413 c1180 c270 c278 c1363 c1265 c1347 c106 c631 c173 c1225 c1040 c723 c537 c1004 c44 c1143 c371 c1188 c663 c481 c244 c480 c73 c859 c976 c454 c762 c1091 c447 c560 c890 c896 c750 
KeepMaxv1
c946 c316 c1415 c564 c1304 c300 c451 c1039 c1362 c1347 c1141 c761 c592 c612 c456 c1155 c1102 c1460 c69 c860 c508 c1053 c1099 c791 c573 c206 c1469 c652 c563 c1078 c278 c1040 c1339 c548 c893 c632 c330 c188 c204 c123 
DreamUltrav3
c440 c1368 c1081 c1493 c1299 c260 c1427 c1090 c400 c982 c897 c416 c1227 c1268 c1113 c990 c1075 c805 c857 c1012 c1190 c887 c590 c989 c103 c667 c275 c31 c530 c1253 c513 c417 c422 c619 c1123 c574 c728 c368 c135 c877 c617 c565 c1222 c1057 c22 c797 c1287 c703 c1295 c1470 
WebserverUltrav9
c522 c344 c428 c47 c444 c523 c1085 c62 c753 c227 c1274 c1008 c1393 c903 c635 c587 c734 c1445 c752 c484 c904 c1271 c472 c892 c108 c1134 c899 c1017 c1215 c203 c639 c690 c348 c1451 c128 c973 c1422 c82 c467 c375 c1419 c44 c281 c815 c552 c1026 c670 c921 c567 c65 c1353 c719 c726 
MarsNextv7
c45 c1388 c1398 c939 c922 c848 c1058 c1315 c779 c722 c642 c1049 c36 c923 c1233 c1375 c1095 c1205 c429 c624 c408 c38 c250 c124 c595 c986 c800 
PhoneUltrav7
c910 c829 c362 c1390 c1004 c497 c302 c1157 c451 c662 c1327 c310 c1308 c403 c89 c1340 c436 c1266 c1369 c377 c1100 c1082 c240 c1185 c978 c775 c373 c71 c894 c117 c861 c1323 c460 c640 c936 c607 c649 c430 c1451 c262 c733 
SearchUltrav1
c1322 c638 c1224 c947 c577 c918 c34 c1306 c157 c198 c1316 c870 c1385 c1412 c1321 c613 c511 c1214 c1037 c138 c1184 c150 c699 
CodeNextv2
c711 c600 c406 c937 c254 c46 c504 c70 c167 c880 c1263 c196 c143 c1371 c1110 c1425 c891 c980 c477 c1282 c744 c840 c215 c1232 
TravelUltrav7
c1326 c998 c685 c864 c263 c1355 c1127 c1236 c280 c437 c192 c625 c849 c394 c360 c851 c1280 c1437 c934 c545 c122 c120 c533 c1173 c1051 c268 c1212 c1020 c858 c995 c1461 c954 c487 c977 c292 c1117 c461 c541 c820 c356 c98 c287 c516 c218 c958 c27 c339 c283 c905 c1490 c853 c629 c1079 c1494 c1168 c681 c1354 
VoiceProv4
c515 c925 c195 c579 c238 c872 c521 c156 c314 c309 c1138 c1259 c1065 c1465 c411 c974 c543 c350 c76 c1432 c181 c1152 c138 c1247 c1160 c1307 c979 c1258 c1028 c1182 c1118 c1349 c449 c431 c1209 
TranslateSv8
c1264 c1128 c494 c1309 c826 c999 c1201 c1161 c914 c1131 c1211 c153 c1334 c1457 c7 c1350 c883 c709 c845 c121 c476 c265 c1231 c239 c471 c404 c673 c1403 c572 c1228 c423 c770 c1031 c789 c1001 c1129 c729 c1492 c1015 c249 
DuoXv4
c765 c456 c1165 c118 c661 c1143 c1026 c604 c247 c1021 c934 c1426 c226 c956 c994 c369 c17 c865 c930 c743 c643 c1102 c316 c1105 c782 c918 c783 c873 c490 c1294 c1135 c630 c1487 c1333 c1096 c1133 c1047 c902 
KeepNextv5
c532 c328 c386 c1103 c601 c202 c962 c1042 c12 c1366 c101 c992 c1267 c1041 c1297 c252 c405 c33 c602 c688 c915 c154 c1441 c447 c355 c598 c274 c190 c26 c1009 c1204 c710 c526 
AlertsLitev8
c985 c1363 c747 c1002 c303 c528 c913 c4 c86 c799 c881 c664 c244 c713 c1084 c206 c109 c202 c1495 c348 c23 c452 c1449 c1013 c655 c1420 c916 c839 c1093 c229 c1139 c427 c1217 c723 c1429 c875 c1252 c1116 c78 c1406 c1411 c748 c257 c1048 c455 c80 c200 c1181 c686 c470 c1040 c296 c307 c445 c616 
VoiceLitev9
c577 c863 c957 c738 c771 c1433 c645 c1158 c298 c1484 c12 c351 c99 c111 c332 c1187 c669 c634 c633 c731 c585 c1071 c631 c1302 c421 c359 c509 c1260 c1438 c96 
SheetsNextv8
c305 c317 c610 c443 c319 c1454 c891 c1436 c822 c424 c391 c670 c760 c756 c569 c503 c463 c804 c1226 c1164 c892 c1499 c445 c280 c486 c104 c741 c1232 c927 c991 c718 c171 c996 c340 c1170 c1372 c762 c879 c1202 c1405 c802 c1319 c1343 c1183 c1087 c657 c554 
ExploreUltrav7
c778 c1147 c405 c167 c71 c1407 c1395 c636 c173 c600 c1011 c458 c919 c508 c613 c1139 c937 c1380 c1422 c1496 c847 c149 c1177 c1072 c382 c880 c375 c321 c399 c1467 c1382 c1400 c552 c1328 c980 c334 
AndroidAutoUltrav7
c534 c732 c438 c1104 c1035 c533 c1374 c272 c646 c1203 c215 c1339 c869 c1293 c1322 c289 c392 c1084 c505 c563 c609 c645 c561 c785 c415 c318 c235 c1189 c870 c784 c1195 c107 c653 c1455 c735 c108 c1056 c88 c1491 c1367 c1066 c1316 c63 c1099 c700 c1338 c1394 c297 
ReleaseUltrav2
c327 c1200 c94 c1446 c896 c306 c1249 c1179 c1097 c1430 c1383 c72 c889 c1471 c1054 c1132 c53 c1337 c708 c322 c212 c199 c1279 c1281 c164 
WebserverZv3
c296 c231 c1480 c1204 c354 c1330 c809 c216 c35 c671 c325 c745 c721 c878 c1278 c234 c1314 c928 c1032 c855 c1237 c717 c232 c1191 c736 c371 c259 c773 c477 c338 c727 c346 c133 c299 c961 c1014 c1030 c576 c329 c243 c174 c812 c1317 c598 c459 
KeepXv8
c679 c671 c704 c796 c959 c48 c1277 c383 c34 c100 c337 c899 c1424 c1238 c560 c306 c941 c1242 c965 c1198 c1251 c907 c1216 c578 c333 c352 c707 c680 c678 c243 c435 c1498 c794 c481 c125 c848 c1197 c548 c483 c1178 c830 c281 c1466 
FeedBurnerMaxv5
c197 c1360 c891 c855 c396 c915 c1063 c475 c1336 c106 c1125 c231 c91 c618 c1270 c61 c908 c16 c1223 c734 c236 
ClassroomProv8
c1221 c737 c520 c580 c654 c1214 c1224 c945 c1352 c1241 c286 c833 c196 c656 c1482 c944 c85 c539 c1215 c1051 c511 c1167 
WearOSMaxv2
c116 c777 c3 c336 c1184 c10 c199 c1318 c86 c75 c1459 c1009 c535 c1243 c1019 c818 c706 c532 c641 c691 c911 c1235 c1140 c1144 c119 c1076 c834 c1038 c208 c1384 c931 c1176 c702 c1474 c1175 c1330 c759 c1234 c9 c179 c1344 c271 c792 c881 c644 c1485 c1098 c465 c550 c130 c432 c66 c469 c810 c1371 c433 c1381 c246 
ChartsLitev1
c341 c935 c203 c699 c614 c474 c1497 c384 c101 c1358 c671 c602 c175 c1412 c868 c64 c895 c850 c927 c439 c776 
DuoMaxv3
c401 c26 c1275 c277 c1091 c954 c40 c1155 c575 c772 c1097 c485 c67 c1083 c409 c453 c82 c971 c587 c1271 c417 c1311 c559 c842 c186 c1196 c1061 c769 c1419 c325 c1273 c676 c161 c652 c454 c556 c273 c921 c1003 c1362 c480 c1471 c763 c115 c1116 c764 c938 c608 c285 c820 
ShoppingUltrav1
c1488 c601 c651 c360 c491 c1254 c898 c1050 c1086 c1416 c267 c1230 c984 c154 c502 c70 c581 c519 c1385 c52 c964 c720 c854 c1188 c462 c1007 c177 c268 c237 c2 c1483 c14 c739 c1250 c968 c394 c537 c1342 c766 c56 c132 c813 c28 c1434 c828 c1301 c514 c841 c274 
SheetsZv6
c258 c1431 c182 c888 c129 c255 c1417 c1233 c294 c1297 c74 c825 c924 c402 c35 c1006 c612 c1453 c413 c6 c767 c137 c1440 c518 c1156 c1456 c269 c1085 c163 c928 c170 c1033 c241 c295 c705 
KeepUltrav4
c1305 c496 c106 c711 c1137 c1220 c1212 c1429 c1277 c148 c903 c1075 c1095 c625 c322 c806 c165 c658 c852 c15 c761 c168 c207 c276 c1023 c80 c516 c1016 c1304 c397 c878 c654 c755 c472 c645 c724 c256 c1331 
AndroidUltrav5
c780 c1364 c347 c178 c1481 c113 c457 c740 c1425 c1206 c1324 c1404 c462 c1486 c251 c205 c527 c387 c648 c73 c1341 c1321 c1130 c159 c11 c41 c386 c1045 c1114 c1379 
PatentsNextv9
c608 c1037 c501 c151 c882 c1370 c100 c1134 c1044 c410 c500 c1410 c1205 c126 c620 c1092 c1478 c1413 c346 c57 c1376 c327 c589 c1018 c674 c1062 c523 c104 c344 c181 c1408 
ScholarUltrav8
c1285 c1461 c1233 c1446 c222 c491 c809 c920 c64 c815 c1377 c157 c1496 c1452 c998 c150 c568 c787 c1440 c20 c1430 c402 c1490 
BooksUltrav6
c685 c715 c189 c304 c1042 c219 c1423 c1114 c972 c394 c493 c1006 c1385 c1073 c926 c725 c1121 c952 c588 c378 c95 c1069 c102 c343 c1159 c874 c1282 c504 c944 c843 c932 c312 c839 c190 c540 c254 c1162 c393 c1110 c1346 c723 c1174 c576 c780 c1108 c1279 c833 c865 c1411 c1464 c122 c851 c555 c407 c225 c594 
DuoProv6
c945 c1345 c221 c180 c995 c790 c949 c1296 c90 c50 c162 c143 c1033 c947 c1320 c37 c1396 c688 c1225 c988 c464 c1378 
FinanceUltrav8
c1450 c93 c744 c1229 c1036 c114 c479 c1122 c1234 c1192 c1394 c60 c710 c1337 c862 c488 c1207 c603 c549 c1287 c384 c1230 c536 c712 c1117 c1454 c1324 c1241 
LearnNextv9
c288 c650 c1236 c328 c443 c741 c551 c227 c1130 c1479 c693 c426 c1359 c586 c1472 c169 c1441 c1067 c582 c370 c686 c290 c928 c681 c970 c542 c632 c81 c558 c707 c195 c1208 c461 c1186 c592 c68 c1397 c1103 c428 c922 c1366 c1151 c1008 c1077 c1034 c1269 
WebserverUltrav6
c1046 c1368 c1192 c74 c726 c557 c812 c862 c1357 c706 c453 c529 c300 c335 c251 c973 c1373 c25 c217 c1300 c526 c1389 c1141 c46 c33 c942 c757 c184 c663 c518 c565 c1315 c593 c420 c414 
VideoNextv3
c577 c1462 c1406 c1059 c495 c808 c1060 c794 c268 c444 c69 c1093 c1055 c1012 c264 c1460 c13 c261 c1431 c981 c1274 c776 c129 c1291 c840 c1443 c1356 c694 c192 c1219 c966 c210 c290 c1206 c682 c1306 c760 c429 c253 c906 c157 c477 c354 c291 c1320 c1150 c288 c698 c896 c1439 c798 c612 c1314 c619 c193 c412 c793 c860 
BloggerLitev9
c817 c1361 c1440 c1087 c1435 c457 c1329 c696 c271 c823 c623 c1365 c1278 c267 c1096 c893 c962 c1124 c1248 c844 c838 c177 c917 c1375 c657 c992 c331 c1030 c62 c945 
CalendarXv4
c1039 c936 c867 c859 c185 c1202 c946 c313 c341 c869 c403 c801 c1210 c1415 c634 c527 c1386 c963 c714 c847 c719 c1201 c965 c977 c1172 c591 c1136 c1254 c1199 c191 c982 c781 c949 c753 c628 c483 c546 c791 c855 c1019 
StorageMaxv1
c187 c1148 c749 c342 c1493 c596 c1154 c1088 c687 c458 c464 c1156 c750 c573 c924 c890 c656 c228 c137 c270 c856 c1041 c79 c1352 c1119 c400 c39 c110 c1437 c1129 c1200 c398 c356 c1366 c186 c98 c1394 c263 c629 c1425 c1079 c824 c466 c287 c439 c1107 c985 c1414 c260 c553 c695 c1179 c703 c352 c16 c705 c931 
SheetsProv2
c915 c564 c1486 c249 c786 c1298 c888 c379 c1270 c545 c4 c708 c204 c1469 c283 c767 c1296 c347 c1002 c1368 c605 c299 c1013 c1468 c1014 c522 c1045 c440 c230 c1310 c1126 c1281 c1249 c727 c1074 c1190 
GmailLitev6
c1063 c875 c566 c670 c627 c547 c868 c671 c917 c367 c170 c358 c536 c1193 c364 c486 c610 c218 c1180 c1027 c55 c807 c112 c336 c597 
ChatLitev9
c141 c1076 c1226 c1225 c222 c71 c1070 c29 c1378 c680 c167 c132 c1288 c582 c686 c23 c784 c377 c1037 c822 c188 c1170 c1085 c427 c139 c290 c17 c1347 c1182 c1439 c852 c424 c147 c124 c169 c277 
KeepZv3
c496 c1329 c238 c300 c1476 c442 c1088 c232 c309 c401 c673 c27 c444 c937 c361 c224 c655 c1123 c65 c888 c492 c1272 c234 c1193 c1166 c418 c128 c598 c523 c913 c1230 c60 c1393 c392 c1413 c903 c1018 c939 
DrawingsMaxv3
c1196 c1122 c448 c411 c734 c155 c1186 c1499 c506 c243 c91 c75 c1382 c69 c1351 c117 c446 c528 c1074 c317 c229 c984 c1092 c184 c545 c998 c684 c472 c549 c1164 c536 
CurrentsLitev5
c1015 c116 c408 c1054 c197 c1417 c1444 c45 c1115 c164 c675 c1323 c484 c275 c583 c1022 c774 c136 c835 c61 c434 c1023 c845 c764 c1336 c830 c1441 c43 c461 c146 c459 c993 c138 c1309 c647 c450 c988 c566 c276 c350 c1353 c359 c578 c905 
FormsProv8
c160 c554 c452 c94 c879 c1229 c369 c894 c320 c406 c570 c1025 c233 c1212 c616 c918 c526 c183 c1292 c1388 c1078 c1243 c1203 c983 c552 c97 c1247 c368 c72 c103 c292 c569 c1169 c1448 c909 c173 c140 c811 c11 c814 c182 c113 c1379 c1456 c951 c954 c1161 c619 c668 c858 c1268 c1072 c1465 c3 c1217 c131 c925 c635 
FeedBurnerXv4
c1131 c658 c907 c224 c22 c690 c1324 c704 c917 c40 c878 c34 c688 c1473 c1134 c1051 c1173 c817 c671 c1436 c805 c447 c620 c548 c454 c891 c435 c490 c28 c1004 
PhoneMaxv8
c604 c1305 c803 c943 c53 c1308 c6 c144 c450 c964 c217 c581 c530 c73 c1283 c739 c1313 c660 c615 c77 
ChartsXv8
c273 c934 c1143 c115 c69 c1150 c613 c682 c237 c279 c267 c443 c468 c900 c44 c1300 c1454 c438 c118 c1075 c1337 c677 c1163 c1063 c1305 
BuildXv9
c49 c575 c371 c1362 c602 c1093 c382 c560 c387 c1395 c244 c752 c435 c1103 c1338 c277 c404 c648 c1312 c1358 c92 c1189 c48 c836 c1104 c1262 c1497 c1248 c537 c1058 c866 c741 c1236 c953 
AndroidXv6
c951 c419 c1326 c1242 c932 c1223 c198 c762 c12 c213 c638 c196 c1489 c611 c1177 c223 c1171 c8 c1015 c1318 c1377 c825 c621 c889 c959 c1106 c997 c35 c599 c88 c796 c728 c664 c245 c820 c740 c948 c285 c1457 c742 c721 c790 c1065 
ConnectUltrav1
c1028 c1403 c615 c797 c1442 c1102 c588 c701 c450 c303 c901 c1381 c89 c895 c252 c893 c1000 c322 c1035 c281 c795 c1273 c220 c1467 c800 c314 c337 c306 c198 c485 c1398 c567 c1057 c861 c1241 c505 c52 c956 c1053 c1206 
DocsSv8
c10 c1146 c1064 c175 c241 c1260 c143 c380 c1410 c804 c257 c718 c1409 c1321 c376 c766 c390 c617 c849 c834 c556 c372 c586 c205 c47 c152 c803 c1495 c737 c611 c84 c318 c474 c201 c223 c717 c1221 c846 c1332 c38 c1263 c1440 c19 c1111 c1167 c198 c50 c18 c500 c1204 c1412 
KeepZv5
c750 c1308 c1180 c559 c1479 c1328 c145 c516 c1261 c705 c1233 c1419 c1157 c87 c427 c1413 c969 c424 c681 c1232 c29 c805 c1374 c336 c1498 c899 c480 c838 c993 c363 c324 c348 c674 c44 c1377 c757 c1363 c326 c661 c872 c1095 c425 c580 c430 c1181 c593 c912 c748 c1084 
AndroidAutoUltrav9
c975 c1056 c986 c581 c374 c366 c1175 c349 c467 c294 c742 c1013 c127 c825 c1348 c481 c630 c1409 c328 c282 c941 c390 c1278 c1252 c1112 
DriveMaxv2
c512 c1199 c767 c664 c1055 c1062 c13 c1343 c474 c1170 c533 c396 c621 c693 c1406 c1381 c1245 c346 c1420 c446 c420 c844 c1235 c428 c1380 c165 c337 
DaydreamLitev6
c935 c590 c273 c622 c1290 c250 c476 c362 c242 c999 c961 c1319 c1408 c568 c535 c375 c151 c1224 c455 c1171 c36 c325 
AlertsXv2
c412 c358 c1027 c480 c682 c1154 c137 c654 c203 c310 c53 c982 c755 c1337 c123 c289 c1044 c486 c663 c1141 c870 c334 c1097 c125 c317 c1475 c196 c209 c1191 c1040 c900 c1164 c778 c12 c607 c933 c1077 c1395 c679 c184 c1335 c1211 c1201 c107 c231 c1303 
SkyMaxv4
c996 c475 c522 c75 c316 c495 c513 c1186 c1220 c1469 c144 c1327 c1265 c1471 c42 c558 c1208 c57 c1275 c1092 c984 c615 c1432 c704 c1090 c1430 c549 c262 c450 c1277 c1198 c931 c1318 c639 c5 c8 c1134 c1482 c727 c922 c1445 c480 c1489 c777 c1087 c969 c1091 c1182 c632 c355 c1243 c902 c941 
SkyZv8
c1038 c956 c800 c1202 c821 c42 c718 c590 c518 c655 c799 c1357 c1012 c1024 c608 c364 c963 c955 c521 c1061 c488 c168 c573 c916 c218 c1361 c938 c285 c1021 c167 c1055 c1185 c835 c1019 c63 c24 c736 c1358 c217 c1059 c774 c277 c1340 c1339 c1362 c1472 c148 c1089 c1311 c930 c1132 c1448 c980 c1151 c93 c889 c1122 
StorageXv7
c1450 c76 c802 c1240 c153 c1267 c166 c86 c929 c1124 c282 c1263 c135 c511 c507 c1238 c768 c59 c1237 c1 c120 c159 c806 c1049 c269 c940 c1140 c611 c590 c323 c1481 c397 c997 c920 c728 c532 c1331 c198 c1424 c286 c66 c265 c957 c1260 c709 c1326 c1010 c1276 
BloggerMaxv1
c150 c638 c35 c525 c683 c1050 c497 c298 c441 c751 c1168 c1477 c227 c64 c56 c2 c62 c782 c813 c1399 c316 c299 c1144 c636 c381 c1240 c765 c284 c296 c1394 
StreetViewNextv4
c479 c571 c78 c1295 c1135 c1067 c307 c1047 c20 c1431 c108 c967 c1048 c180 c667 c1033 c301 c666 c1133 c1032 c1383 c194 c1387 c1183 c74 c531 
TravelMaxv4
c240 c447 c987 c1071 c795 c505 c1215 c1153 c426 c384 c702 c904 c762 c716 c618 c763 c241 c717 c1 c897 c771 c461 c1433 c662 c157 c202 c1226 c1398 c599 c1405 c1354 c769 c892 c557 c910 c1434 c80 c1460 c1458 c1283 c1289 c947 c36 c442 c775 c89 c893 c1457 c849 
LearnLitev5
c785 c743 c1013 c491 c515 c279 c643 c109 c1100 c172 c189 c104 c807 c1032 c1163 c1369 c927 c1400 c247 c542 c141 c191 c1034 c803 c631 c332 
PatentsNextv7
c370 c726 c1043 c944 c1422 c649 c26 c46 c970 c213 c415 c932 c1466 c1280 c4 c754 c732 c722 c469 c623 c1402 c1251 c1463 c1011 c657 c1000 c676 c112 c744 c974 c524 c793 c1167 c541 c81 c735 c445 c54 c320 c1060 c432 c818 c850 c859 
FuchsiaProv4
c587 c177 c1432 c333 c1467 c1415 c791 c713 c878 c1003 c1283 c1310 c648 c706 c1186 c1335 c741 c1166 c823 c802 c193 c128 c1302 c1262 c1088 c1173 c881 c523 c265 c610 c171 c124 c613 c964 c699 c856 c132 c417 c1142 c1285 c1449 c1048 c530 c94 c1139 c1360 c1106 c588 c739 c1295 c707 c873 c1204 c181 c65 c115 c365 c1347 c78 
SmartXv9
c1064 c1459 c509 c544 c1473 c939 c1443 c403 c463 c815 c282 c527 c479 c28 c349 c979 c51 c139 c1165 c536 c634 c419 
StadiaUltrav5
c373 c637 c1207 c93 c1244 c801 c1189 c371 c27 c802 c1234 c1096 c182 c601 c38 c1305 c439 c131 c37 c436 c5 c517 c645 c1370 c68 c1309 c1018 c414 c734 c1246 c849 c453 c308 c1194 c848 c405 c603 c1323 c201 c142 c129 c1159 c1116 c147 c1172 c1490 c82 c1361 
KeepMaxv2
c1447 c0 c1315 c266 c788 c293 c1118 c627 c922 c199 c772 c727 c270 c675 c487 c1184 c1120 c857 c1446 c1286 c380 c770 c45 c519 c212 c853 c1416 c19 c971 c1117 c281 c943 c116 c854 c1392 c617 c331 
MoonSv7
c745 c958 c22 c724 c1240 c101 c504 c1488 c991 c252 c679 c1287 c105 c297 c302 c1484 c1256 c1338 c839 c413 c1401 c329 c1228 c1304 c1352 c1231 c394 c1178 c787 c1342 c399 c351 c421 c1073 c207 c9 c1397 c1218 c185 c477 c994 c1035 c614 c1351 c254 c433 c208 c258 c1137 
YouTubeZv3
c1195 c998 c1255 c335 c923 c216 c1418 c498 c1427 c343 c483 c437 c710 c1294 c1177 c367 c1148 c720 c809 c946 c1017 c577 c409 c524 c876 c1485 c1068 c1412 c1282 
DocsSv3
c1051 c558 c1303 c1480 c1322 c341 c592 c1324 c687 c989 c976 c452 c646 c170 c67 c842 c591 c303 c861 c408 c314 c485 c597 
LoggingSv1
c217 c243 c953 c767 c652 c1032 c1063 c361 c88 c1386 c708 c962 c690 c1188 c1058 c94 c1009 c1464 c1447 c383 c1271 c294 c365 c271 c547 c1493 c475 c836 c257 c441 c267 c551 c1482 c175 c832 c596 c369 
DriveSv6
c448 c49 c1062 c921 c223 c943 c1085 c854 c552 c346 c770 c1070 c281 c1487 c912 c1045 c126 c760 c733 c260 c875 c1368 c602 c151 c100 c761 c458 c1192 c321 c996 c1060 c1401 c1033 c991 c788 c1265 c1446 c344 c1068 c1300 c1372 c402 c1270 c948 
PatentsXv9
c1437 c978 c487 c562 c1286 c1269 c916 c322 c60 c1397 c658 c955 c254 c910 c204 c34 c232 c679 c600 c255 c501 c700 c143 c114 c1179 c1216 
ImagesSv1
c19 c838 c120 c804 c39 c376 c1299 c221 c828 c90 c1341 c55 c1132 c33 c1455 c339 c1403 c1001 c691 c1382 c1232 c1218 c502 c181 c353 c470 c1130 c478 c538 c437 c827 c1125 c963 c449 c866 c1239 c678 
CurrentsMaxv9
c756 c754 c1022 c849 c1447 c928 c1378 c554 c1417 c195 c538 c740 c1223 c519 c753 c1353 c467 c820 c1092 c534 c874 c959 c1474 c1009 c277 c457 c936 c920 c1177 c515 c623 c1152 c700 c362 c606 c556 c306 c1121 c695 c931 c1440 c118 c1342 c291 c1007 c633 c817 c391 c514 c363 c263 c387 c1190 c767 c354 c1332 
ShoppingXv1
c675 c650 c670 c671 c14 c942 c799 c428 c1489 c276 c318 c1015 c782 c1181 c1468 c205 c1195 c694 c206 c234 c975 c846 c280 c994 c693 c891 c628 c1409 c1076 c688 c1047 c711 c1016 c776 c15 c655 c889 c1450 c604 c1435 
TranslateXv8
c723 c329 c410 c269 c571 c1128 c1151 c1375 c1213 c395 c617 c595 c1275 c96 c798 c923 c718 c1416 c660 c292 c289 c572 c268 c330 c1293 c1483 c758 c992 c1384 c1367 c264 c35 c901 c868 c678 c52 c884 c1358 c211 c389 c219 c869 c1426 c911 
SitesLitev7
c701 c1037 c384 c146 c766 c684 c272 c1090 c506 c342 c23 c616 c673 c577 c1131 c454 c790 c198 c1240 c636 c451 c795 c1075 c1341 c1274 c61 c56 c1496 c158 c149 c1079 c229 c1397 c1418 c1117 c933 c1438 c449 c739 c738 c635 c365 c79 c627 c95 c1222 c464 c526 c503 c1170 c828 c106 c1449 c973 c727 c470 c988 c1408 
StreetViewNextv7
c13 c430 c1123 c1119 c1057 c624 c1053 c583 c1031 c1411 c246 c434 c747 c898 c981 c121 c253 c135 c878 c626 c105 c92 c625 c1086 c1214 c259 c540 c302 c759 c440 c1461 c1389 c1136 c1046 c968 c343 c543 c422 c1042 c642 c321 c174 c887 c93 
SnapshotLitev4
c686 c518 c1068 c890 c1242 c1026 c468 c529 c1178 c42 c1065 c162 c713 c1249 c255 c284 c538 c505 c768 c309 c351 c781 c1220 c1351 c1495 c586 c612 c594 c1321 c1462 c180 c261 c990 c1127 c960 c1184 c437 c172 c1224 c759 c1304 c1097 c626 c668 c331 c827 c251 c433 c266 c513 c429 c1312 c290 c246 c606 c783 
LoggingProv6
c65 c344 c734 c454 c558 c529 c948 c1175 c1476 c1340 c835 c277 c903 c750 c976 c1124 c42 c681 c1004 c486 c905 c108 
ConnectNextv5
c934 c1346 c450 c1329 c417 c629 c1082 c632 c75 c125 c299 c1089 c1219 c759 c55 c366 c1352 c162 c51 c63 c800 c1255 
DocsMaxv5
c741 c222 c40 c838 c429 c1125 c699 c599 c1063 c474 c468 c1023 c917 c1241 c1420 c682 c530 c594 c1277 c1366 c491 c587 c1157 c677 c1199 c569 c1294 
DocsNextv3
c1223 c1146 c1187 c1245 c783 c535 c71 c938 c478 c164 c200 c1466 c841 c492 c971 c1467 c808 c896 c915 c356 c304 c1239 c299 c321 c398 
DataSv6
c521 c1266 c271 c1296 c1053 c262 c88 c320 c284 c677 c849 c610 c1369 c1150 c1480 c1381 c186 c1362 c77 c48 
PatentsXv6
c666 c455 c50 c1263 c73 c864 c1171 c858 c420 c1297 c1145 c140 c680 c1441 c375 c235 c1169 c1344 c1224 c588 c1035 c539 c696 c674 c725 c228 c416 c1227 
ImagesLitev2
c601 c691 c1184 c1374 c242 c72 c979 c1442 c452 c1320 c215 c352 c770 c37 c1183 c548 c940 c235 c890 c621 c1411 c567 c1008 c970 c563 c199 c126 c258 c867 c742 c478 c1393 c24 c605 c110 c319 c1447 c631 c1343 
DatasetSearchXv2
c909 c353 c404 c581 c1306 c252 c391 c245 c1129 c188 c1331 c254 c326 c334 c425 c1208 c1065 c902 c194 c1188 c877 c350 c834 c911 c197 c1414 c101 c155 c1205 c907 c1036 c829 c173 c121 c1437 c1431 c1342 c1145 
ReleaseNextv4
c468 c109 c481 c537 c200 c956 c1469 c1285 c1436 c1173 c648 c8 c1230 c183 c682 c285 c1225 c164 c1366 c879 c446 c838 c756 c1497 c984 
VoiceXv5
c990 c1465 c1249 c305 c1273 c1012 c1311 c94 c614 c1144 c1265 c1241 c1316 c191 c676 c882 c611 c750 c877 c1457 c233 c297 c390 c306 c224 c1054 c336 c1205 c195 c1143 c1118 c626 c376 c899 c50 c1171 c1215 c177 c575 c1130 c115 c355 c517 c1104 c528 c911 c241 c1068 c1236 c922 c1067 c1326 c985 c482 c1300 c1261 c546 c1156 c1014 
VideoSv8
c172 c607 c1286 c734 c144 c708 c223 c1333 c168 c1091 c1340 c333 c961 c1241 c716 c634 c533 c1183 c610 c679 c106 c1011 c1329 c155 
StreamProv6
c830 c1009 c194 c169 c1306 c1040 c464 c893 c290 c477 c670 c487 c1462 c171 c735 c993 c918 c1407 c1 c64 c331 c255 c611 c1347 c128 c301 c829 c682 c420 c1019 c367 c1096 c654 c252 c877 c1414 c1093 c397 c468 c1454 c461 c1314 c1103 c1496 c880 
StorageZv5
c836 c402 c1488 c245 c1119 c1026 c1272 c1477 c849 c860 c1221 c293 c219 c541 c561 c828 c1047 c570 c1038 c1126 c696 c1088 c253 c1020 c1415 c1078 c667 c178 c1115 c196 c472 c43 c1484 c1486 c954 c718 c951 c1294 c203 
AssistantLitev6
c704 c1252 c444 c932 c438 c847 c1464 c246 c457 c422 c238 c824 c318 c1188 c495 c231 c1142 c1429 c1292 c629 c1206 c1194 c791 c653 c220 c1382 c857 c424 c1133 c273 c150 c576 c919 c114 c409 c261 
ChromecastMaxv6
c808 c690 c1045 c87 c1498 c1295 c217 c1362 c580 c1013 c210 c485 c1135 c1192 c1335 c734 c468 c1127 c1451 c1106 c1129 c778 c418 c448 c556 c1211 c767 c969 c1294 c763 c569 c1271 c1130 c12 c1180 c1053 c1058 c891 c726 c632 c145 c752 c1315 c449 c151 c396 
SitesZv6
c845 c249 c456 c256 c710 c1434 c562 c1242 c57 c501 c513 c61 c1439 c909 c507 c1148 c1105 c1359 c863 c1338 c823 c484 c733 c181 c832 c413 
StorageUltrav5
c314 c382 c648 c698 c658 c1095 c353 c850 c1244 c895 c365 c1179 c842 c1304 c564 c981 c817 c661 c52 c608 c319 c333 c413 
PhoneSv5
c1171 c618 c1248 c1105 c1239 c91 c528 c1359 c794 c351 c530 c309 c48 c188 c1447 c551 c964 c165 c1358 c1382 c1397 c559 c1061 c1265 c242 c200 c443 c951 c23 c298 
YouTubeProv7
c1317 c577 c413 c80 c662 c237 c1289 c112 c789 c1022 c69 c337 c1411 c1392 c1197 c1319 c294 c1487 c1310 c679 c22 c359 c737 c529 c302 c511 c812 c295 c1155 c1039 c1160 c307 c907 c105 c571 c1072 c500 c1191 c1270 c590 
AndroidProv9
c663 c200 c429 c537 c840 c871 c1196 c442 c783 c1445 c1146 c1464 c295 c373 c844 c1436 c838 c542 c491 c699 c314 c711 c949 c1188 c657 c1288 c266 c1268 c1390 c881 c1394 c1361 c1014 c1482 c401 c450 c598 c1134 c1223 c52 c426 c1233 c762 c1496 c1084 c873 c1368 c117 c677 
SnapshotXv3
c121 c1490 c10 c1455 c220 c20 c904 c1430 c3 c897 c1400 c1197 c1380 c772 c945 c1495 c1231 c974 c840 c516 c989 c879 c244 c582 c792 c1036 c1316 c539 c81 c870 c392 c767 c263 c160 c9 c543 
ResearchNextv6
c334 c535 c934 c1158 c1265 c656 c638 c509 c1230 c1062 c1229 c460 c760 c299 c368 c1431 c275 c642 c750 c910 c479 c153 c543 c998 c863 c1409 c387 c101 c413 c1375 c874 c1330 c681 c1160 c462 c295 c259 c980 c706 c90 c1372 c391 c1235 c1328 c250 c73 c371 c467 c924 
TranslateUltrav1
c560 c139 c1073 c1060 c813 c260 c653 c1210 c287 c13 c403 c1312 c1056 c258 c804 c284 c178 c175 c411 c1269 c66 c135 c1383 c378 c67 c554 c612 c849 c1425 c769 c173 c286 c1291 c186 c459 c908 c1114 c1306 c1209 c902 c502 c609 c1046 c992 c583 c1147 c59 c503 c458 c898 c380 
PatentsMaxv4
c923 c764 c350 c519 c1336 c633 c1139 c326 c490 c1110 c1198 c140 c960 c645 c712 c930 c398 c1426 c1360 c328 c283 c709 c1298 c775 c504 c313 c1148 c639 c492 c1452 c952 c1228 c1001 c377 c1161 c1108 
SheetsUltrav7
c77 c470 c95 c652 c1125 c647 c719 c894 c1203 c594 c209 c157 c1003 c1186 c573 c642 c739 c1496 c707 c859 c1197 c63 c1439 c871 c249 c279 c536 c1127 c1433 c1033 c104 c1223 c1434 c218 c1105 c1400 
DrawingsZv4
c832 c100 c1298 c777 c1369 c788 c523 c192 c1110 c1327 c1473 c303 c615 c336 c1386 c253 c1055 c820 c771 c545 c1465 c1469 c1105 c181 c1074 c1317 c333 c335 c1023 c623 
NewsSv3
c1413 c243 c680 c508 c67 c642 c549 c739 c364 c218 c1088 c615 c1317 c809 c1186 c164 c889 c438 c1300 c652 
DuoLitev4
c978 c1383 c1126 c264 c422 c15 c349 c962 c274 c612 c1025 c841 c631 c1478 c445 c796 c546 c999 c26 c1224 c204 c1281 c1027 c415 c1201 c710 c825 c1060 c197 c1289 c630 c849 c296 c1263 c664 c205 c927 c827 c620 c1302 c913 c1483 c909 c1185 c378 
SantaTrackerSv7
c168 c1163 c1303 c1425 c547 c1164 c487 c1100 c178 c976 c871 c877 c118 c590 c125 c71 c361 c917 c636 c508 c249 c949 c1239 c809 c1189 c1021 c1377 c1076 c1203 c59 c257 c491 c1220 c888 c613 c247 c614 c78 c890 c287 c412 c1289 c603 c1419 c142 c848 
DocsNextv4
c1197 c230 c750 c970 c38 c908 c1367 c33 c1365 c332 c1432 c96 c304 c959 c374 c880 c727 c583 c592 c896 c342 c567 c822 c596 c1245 c486 c1484 c852 c539 c688 c290 c597 c1283 c1047 c789 c818 c1017 c219 c271 c823 c797 c1169 c813 c488 c928 c466 c1217 c28 c1026 c1356 c1056 c1412 c92 c761 c1042 c1255 c207 c1210 
LearnXv9
c562 c107 c943 c458 c1267 c1028 c1102 c421 c554 c427 c1226 c595 c604 c405 c1282 c339 c683 c867 c323 c229 c765 c137 c521 c343 c1346 c1371 c743 c786 c113 
SlidesZv2
c496 c476 c1277 c1199 c1150 c1227 c420 c1437 c46 c95 c828 c502 c1429 c685 c79 c1147 c1332 c609 c282 c459 c1207 c1153 c45 c1384 c208 c666 c339 c1278 c1234 c568 c1097 c1370 c858 c132 c1435 c787 c1064 c4 c1489 c1086 c94 c47 
FormsZv4
c624 c759 c884 c2 c110 c755 c1046 c566 c83 c518 c1373 c1178 c394 c565 c175 c719 c679 c461 c399 c953 c227 c704 c426 c749 c269 c199 c588 c538 c1299 c366 c1494 c193 c173 c97 c1193 
NewsXv2
c501 c668 c1399 c434 c1400 c53 c113 c1458 c93 c138 c254 c14 c180 c226 c578 c1221 c83 c1031 c1258 c75 c451 c744 c54 c74 c1077 c55 c1330 c539 c192 c66 c1494 c786 c19 c1448 c1438 c503 c1237 c1024 c767 c685 c1357 c1296 c228 c1182 c378 
FormsMaxv1
c320 c517 c586 c1406 c143 c352 c1275 c1242 c52 c1496 c1494 c383 c316 c1288 c782 c660 c1154 c862 c626 c419 c1447 c774 c414 c606 c1118 c339 c202 c215 c921 c674 c785 c1208 c1286 c180 c815 c849 c783 c447 c512 c1390 c276 c795 c346 c1266 c1173 c582 c675 c536 c807 c288 c1449 
ChromecastXv8
c825 c1471 c1035 c628 c532 c990 c1216 c623 c189 c72 c996 c1265 c945 c926 c640 c245 c379 c552 c699 c216 c400 c750 c150 c864 
ShortsUltrav5
c804 c403 c104 c327 c824 c500 c498 c1395 c560 c791 c787 c148 c317 c116 c1136 c221 c306 c1410 c866 c1166 c1125 c185 c919 c543 c1041 c849 c472 c814 c51 c1401 c424 c274 c283 c239 c322 c1090 c1128 c1089 c281 c321 c1497 c1192 c629 c1405 c946 c3 c1470 c873 c1324 c1087 c534 c624 c767 c684 c539 c854 c425 c1459 
FormsMaxv7
c1480 c380 c226 c698 c217 c1479 c83 c733 c540 c1131 c1499 c776 c1117 c1269 c903 c1202 c671 c1289 c1038 c308 c75 c86 c398 c570 c56 c63 c1110 c453 c1460 c181 c902 c973 c862 c158 c404 c1159 c1420 c172 c531 c1417 c1399 c790 c713 c1339 
PhoneNextv3
c280 c739 c744 c545 c567 c784 c434 c915 c637 c74 c1065 c506 c1103 c226 c352 c430 c437 c741 c554 c647 c891 c1190 c757 c822 c224 c781 c1439 c1061 c821 c64 c365 c952 c379 c707 c1267 c842 c187 c650 
GroupsUltrav6
c916 c900 c1115 c205 c814 c631 c1018 c1015 c1365 c740 c1451 c123 c481 c750 c411 c856 c1331 c457 c961 c712 c786 c1157 c270 c267 c991 c463 c1016 c1118 c232 c939 c982 c24 c962 c139 c231 c1409 c1032 c452 c1343 c1342 c1212 c1195 c262 c1408 c140 c284 c878 c1132 c44 c288 c796 c1204 c861 c924 c694 c375 
LoggingSv6
c597 c1019 c1237 c83 c348 c1091 c108 c963 c801 c1051 c874 c1153 c97 c922 c540 c1077 c478 c50 c318 c404 c881 c141 c913 c124 c828 c805 c1371 c183 c1336 c145 c1048 
SitesProv6
c798 c1139 c462 c845 c1383 c796 c815 c1059 c376 c808 c627 c1226 c702 c522 c1034 c657 c549 c29 c356 c368 c1311 c464 c1353 c1249 c933 c310 c769 c1443 c12 c354 c279 c36 c1368 c450 c57 c999 c1020 c1027 
ArtsXv7
c186 c1127 c847 c289 c1305 c785 c1073 c256 c1477 c1263 c82 c1330 c693 c1037 c1031 c332 c807 c374 c1003 c270 c129 c634 c138 c1196 c265 c93 c109 c595 c1145 c748 c135 c27 c1416 c661 c581 c875 c266 c128 c157 c1318 c1217 c905 c911 c13 c209 c1135 
CastOSUltrav2
c503 c871 c872 c1013 c1194 c1031 c1237 c1044 c834 c594 c22 c397 c1347 c187 c1243 c254 c794 c1137 c402 c165 c942 c683 
FlightsUltrav9
c576 c1310 c653 c191 c1352 c867 c1450 c1420 c1344 c1463 c1275 c784 c400 c1105 c561 c234 c559 c1323 c414 c1134 c1366 c679 c1203 c1317 c1202 c768 c1299 c599 c1468 c504 c258 c1002 c686 c1474 c68 c710 c1262 
ChatProv4
c221 c736 c1084 c198 c1373 c954 c8 c1338 c1229 c918 c1151 c1070 c164 c562 c1220 c413 c1449 c1407 c171 c1467 c1198 c1012 c685 c1351 c162 c1333 c909 c1433 c903 c1446 c1143 c894 c34 c240 c620 c768 c213 c557 c656 c1309 c1479 c766 c61 c1458 c1362 c1357 c558 c533 c192 c1370 c405 c1122 c522 c717 c482 c1438 c1366 
DaydreamXv7
c215 c1047 c754 c537 c738 c1269 c869 c609 c662 c1293 c1074 c1295 c427 c438 c1367 c776 c1274 c1406 c591 c313 c830 c892 c1201 c501 c69 c778 
FeedBurnerSv6
c559 c1096 c656 c339 c862 c1189 c117 c1495 c1311 c956 c194 c443 c254 c115 c243 c838 c1361 c301 c303 c679 c23 c369 c235 c1192 c326 c1362 c453 c206 c1294 c615 c1382 c1044 c587 c871 c474 c61 c412 c180 c1034 c1358 c417 c598 c1449 c276 c316 c175 c670 c1494 c213 c602 c1033 c852 
StreetViewSv3
c285 c171 c454 c301 c1265 c1060 c733 c716 c430 c859 c905 c1105 c405 c1155 c1012 c1479 c1359 c941 c487 c424 c1377 
WearOSSv4
c717 c1223 c815 c767 c80 c91 c587 c600 c444 c620 c558 c593 c276 c487 c88 c880 c536 c903 c68 c235 c671 c57 c1054 c249 c1188 c383 c1135 c682 c1225 c254 c446 c458 c674 
AndroidAutoProv8
c1184 c621 c391 c571 c219 c513 c500 c1035 c1085 c512 c549 c561 c1285 c992 c560 c441 c1170 c1434 c1405 c1084 c95 c77 c448 c1017 c476 c994 c1343 
ClassroomXv2
c713 c1268 c667 c932 c609 c1267 c124 c449 c1411 c286 c756 c167 c926 c965 c1338 c293 c1205 c752 c261 c45 c149 c352 c1339 c871 c679 c1489 
CultureNextv1
c1047 c93 c172 c1289 c1373 c467 c1314 c324 c325 c1282 c959 c1131 c884 c1440 c291 c1436 c539 c1235 c1028 c747 c956 c472 c850 c626 c191 c358 c860 c1210 c1336 c66 c62 c785 c241 c633 c341 c735 c981 c14 c392 c686 c985 c1110 c805 c1075 c930 c488 c60 c189 c1430 c937 c364 c946 c1454 c206 c1023 c463 c57 c34 
PhotoXv8
c1312 c150 c619 c783 c547 c736 c863 c1261 c793 c1452 c131 c586 c1208 c181 c871 c974 c160 c221 c1167 c523 c1480 c1082 c1324 c240 c244 c1031 c604 c940 
KeepZv7
c663 c151 c396 c881 c838 c676 c381 c635 c792 c1346 c1151 c631 c495 c89 c582 c1036 c842 c71 c1316 c727 c540 c799 c687 c1457 c327 c533 c645 c612 c1292 c298 c146 c5 c909 
FinanceLitev9
c325 c677 c1368 c378 c601 c318 c1482 c1299 c1344 c132 c849 c999 c764 c264 c137 c859 c768 c1224 c86 c1393 c196 c835 c222 c296 c348 c1156 c907 c840 c1431 c931 c742 c1160 c159 c1182 c121 c53 c963 c344 c398 c578 c401 c760 c1265 c1275 c800 c1232 c1380 c351 c1392 c1133 c1181 c227 c282 c251 c271 c827 
AndroidTVLitev6
c43 c164 c952 c895 c917 c472 c1417 c682 c989 c775 c557 c1296 c1059 c1415 c1320 c1266 c1221 c599 c1153 c790 c377 c294 c1136 c1058 c199 c698 c370 c1001 c1163 c684 c359 c307 c1448 c1015 c83 c1092 c928 c1201 c602 c954 c258 
GmailNextv3
c1134 c303 c823 c67 c142 c771 c608 c1027 c1063 c222 c920 c1365 c1127 c380 c1002 c764 c1220 c398 c505 c1142 c1362 c1055 c1248 c990 c662 c832 c795 c852 c1269 c1337 c892 c63 c428 c750 c961 c274 c413 c1262 c1333 c1397 c778 c704 c973 c949 c668 c59 c1358 c1244 c1270 c894 c348 
DriveLitev3
c202 c319 c1180 c699 c1032 c652 c920 c569 c754 c310 c796 c752 c1215 c466 c1048 c1439 c391 c1295 c142 c1414 c888 c918 c1198 c78 c767 c1147 c305 c1150 c1490 c1329 c280 c821 c1018 c180 c591 c902 c1498 c1186 
FeedBurnerMaxv9
c1309 c766 c1375 c680 c492 c198 c657 c1146 c1412 c632 c1394 c941 c317 c849 c203 c1315 c543 c1445 c898 c1185 c690 c803 c1458 c1289 c655 c907 c456 c904 c381 c94 c1499 c919 c1193 c404 c1165 c531 c1306 c1207 c1021 c1009 c840 c76 c1265 c1236 
DatabaseNextv5
c117 c331 c750 c33 c991 c618 c1001 c508 c1173 c542 c97 c109 c1272 c95 c242 c428 c1203 c1370 c320 c474 c562 c1377 c674 c1062 c896 c414 c1360 c218 c623 c314 c456 c884 c441 c288 c869 c88 c1270 c447 c919 c435 
PixelProv6
c1392 c49 c124 c818 c384 c4 c1252 c927 c1432 c295 c893 c912 c1368 c616 c1229 c828 c1159 c988 c759 c996 c575 c770 c39 c898 c229 c564 c371 c934 c605 c1068 c660 c642 c1488 c870 c419 c1373 c1008 c970 c313 
DatabaseXv3
c1233 c1077 c479 c1239 c519 c677 c361 c716 c1095 c938 c260 c478 c871 c450 c1446 c663 c613 c573 c704 c878 c143 c711 c187 c1185 c1460 c586 c626 c424 c1479 c69 c381 c696 
FuchsiaProv8
c1451 c590 c1125 c1487 c976 c1060 c459 c987 c486 c490 c719 c114 c1263 c1438 c527 c871 c28 c255 c120 c849 c1167 c1038 c1187 c695 c1086 c679 c184 c368 c82 c1445 c681 c210 c256 c263 
GlassOSXv3
c501 c600 c158 c956 c1249 c1100 c1061 c852 c788 c358 c1106 c769 c306 c459 c251 c1390 c933 c467 c1124 c208 c49 c1374 c793 c1367 c1267 c786 c576 c217 c36 c1230 c375 c539 c750 c825 
FeedBurnerLitev6
c919 c598 c537 c1300 c448 c898 c1316 c1353 c904 c815 c1231 c1420 c506 c1033 c309 c1196 c634 c1407 c470 c782 c1271 c376 c300 c1225 c1164 c871 c1467 c400 c430 c1335 c477 c66 c1274 c902 c1399 c285 c984 c336 c828 c671 c570 c1180 c117 c1378 c279 
CodeLitev2
c378 c975 c601 c183 c543 c654 c880 c751 c700 c204 c325 c194 c1139 c743 c291 c108 c1383 c755 c1019 c1294 c1143 c1145 c233 c290 c630 c1222 c1228 c921 c1232 c795 c372 c72 c1190 c196 c437 c1258 c1165 c162 c1022 c1323 c1144 
StreamZv8
c776 c399 c1458 c433 c1394 c1304 c1243 c1000 c781 c475 c245 c517 c168 c1011 c910 c1471 c1459 c1341 c144 c409 c900 c844 c411 c943 c459 c1336 c637 c107 
LearnXv3
c1265 c552 c46 c759 c189 c1437 c1031 c1273 c1141 c567 c367 c1321 c836 c266 c346 c762 c1127 c1409 c116 c1316 c316 c820 c1469 c408 c563 c1269 c29 c1112 c839 c444 c1477 c1494 c239 c1395 c464 c1097 c308 c129 c612 c110 c1017 c14 c973 c282 c436 c439 c1202 c1362 c1298 c1037 c1079 
ShoppingUltrav7
c1067 c374 c608 c402 c814 c1223 c1463 c75 c805 c1181 c169 c1450 c496 c678 c854 c605 c948 c326 c744 c419 c578 c318 c1161 c1078 c619 c532 c568 c429 c1177 c421 c206 c1431 c761 c1314 c1472 c1400 c52 c946 c409 c221 c1283 c1474 c1237 c1324 c558 c1495 c673 c1056 c106 c182 c521 c341 c922 c1286 c1192 
ChromecastMaxv4
c113 c1352 c955 c771 c1326 c384 c936 c1381 c303 c24 c963 c1129 c288 c1240 c1017 c612 c55 c1369 c638 c454 c1282 c1028 c422 c246 c1289 c701 c1227 c123 c1148 c105 c1372 c1429 c349 c1141 c875 c1178 c813 c238 c313 c451 c272 c518 c614 c1045 c1315 c739 c645 c949 c514 c182 c1121 c515 
DatabaseLitev5
c1406 c1227 c783 c332 c1217 c295 c951 c587 c450 c1171 c398 c1258 c186 c793 c298 c317 c222 c1411 c57 c801 c546 c12 c1366 c145 c1179 c1408 c1342 c13 c838 c1189 c990 c1092 c936 c482 c140 c1436 c664 c1425 c1288 c1222 c8 c1004 c849 c405 c1046 c100 c354 c794 
LoggingXv6
c718 c1318 c215 c1229 c1255 c737 c687 c643 c1285 c511 c362 c857 c1461 c224 c467 c4 c1105 c1293 c577 c1202 c1112 c544 c529 c1041 c460 c813 c962 
ExploreXv7
c548 c316 c155 c322 c45 c1012 c565 c979 c749 c969 c867 c1461 c646 c828 c1493 c93 c526 c1211 c1271 c1418 c132 c756 c903 c989 c912 c1368 c771 c35 c38 c328 c1141 c1269 c1137 c1079 c685 c175 c230 c37 c842 c1047 c1488 c54 c383 c640 c732 c509 c1125 c373 
PixelProv5
c797 c391 c337 c675 c766 c533 c971 c858 c1031 c192 c646 c1072 c634 c671 c1433 c511 c862 c458 c1183 c621 c772 c839 c1478 c738 c998 c792 c1221 c1371 c1169 c1291 c17 c148 c1463 c726 c160 c369 c23 c516 c1103 c741 c702 c1117 c829 c342 
BuildZv6
c198 c952 c1439 c404 c783 c477 c710 c645 c177 c784 c1106 c172 c937 c284 c733 c662 c683 c1478 c1461 c65 c1118 c696 c492 c1112 c488 c1244 c417 c666 c1088 c908 c437 c223 c1273 c438 c1002 c522 c971 c1157 c1351 c706 
ChartsXv9
c1027 c1184 c1300 c113 c79 c934 c748 c1458 c1015 c115 c200 c81 c1311 c352 c1305 c764 c1224 c839 c924 c564 c1132 c141 c324 c913 c302 c503 c1275 c61 c554 c1026 c443 c105 c331 c1001 c627 
DreamNextv3
c422 c543 c205 c709 c67 c575 c626 c195 c611 c213 c530 c845 c1464 c561 c1347 c1333 c1154 c1249 c1165 c400 c668 c1220 c981 c1277 c873 c240 c961 c808 c1166 c1312 c408 c1461 c1473 c769 c1335 c827 c682 c462 c879 
LoggingMaxv3
c1190 c189 c1178 c1105 c597 c500 c91 c302 c162 c1362 c370 c1033 c356 c1291 c841 c607 c842 c192 c274 c1053 c421 c708 c970 c767 c319 c372 c308 c1110 c556 c822 c1327 c1331 c1321 c105 c717 c262 c418 c48 c79 c1299 c785 c276 c590 c527 c1337 c59 
AndroidAutoNextv2
c818 c1230 c300 c1021 c1482 c1146 c80 c486 c339 c331 c1357 c1340 c296 c1017 c390 c698 c631 c251 c75 c324 c862 c392 c856 c1155 c1148 c453 c1393 c1127 
SlidesZv7
c1311 c1037 c1137 c614 c735 c331 c939 c1091 c446 c470 c45 c1075 c475 c515 c123 c107 c349 c448 c919 c1142 c893 c999 c1133 c840 c1182 c62 c817 c1241 c1146 c24 c309 c1055 c164 c1433 c1267 c1458 c511 c646 c852 c178 c367 c55 c815 c40 c874 c559 c627 c411 c1093 c786 c660 
ChromeZv4
c485 c1306 c291 c988 c1252 c1048 c623 c1291 c434 c1451 c804 c610 c1096 c1463 c1226 c124 c1063 c1265 c238 c670 c442 c461 c74 c1208 c505 c939 c303 c1097 c305 c331 c1399 c182 c909 c333 c307 c147 c962 c289 c486 c1447 c790 c296 c628 
DrawingsLitev5
c1303 c1036 c835 c1429 c606 c513 c956 c1437 c1291 c191 c302 c679 c1235 c998 c426 c1068 c472 c615 c408 c848 c1159 c1289 c802 c63 c81 c531 c17 c34 c502 c975 c413 c1195 c1034 c19 c839 c760 c759 c36 c588 c1001 c701 c290 c374 c78 c1041 c412 c558 c1017 c50 c394 c803 c384 c875 c1035 c1383 c985 c380 c188 c913 
WebserverNextv1
c1072 c4 c1086 c904 c719 c701 c882 c1154 c1400 c217 c646 c409 c141 c117 c260 c159 c1132 c375 c576 c1212 c984 c327 c390 c802 c462 c911 c1386 c877 c1305 c770 c941 c487 c538 c351 c782 c593 c755 
DriveXv8
c889 c1051 c688 c27 c1321 c752 c558 c349 c1145 c1078 c1084 c1458 c175 c600 c249 c539 c727 c158 c704 c391 c1220 c844 c989 c137 c427 c1338 c802 c1130 c96 c300 c570 c372 c616 
ShoppingXv2
c1494 c1131 c490 c1 c1462 c552 c661 c1023 c1363 c632 c264 c1040 c290 c772 c501 c638 c634 c663 c71 c742 c381 c129 c1014 c1478 c563 c320 c1433 c680 c232 c1134 c636 c802 c688 c1255 c239 c1074 c1164 c463 c667 c542 c132 c464 
CastOSXv3
c777 c1419 c495 c940 c772 c261 c1390 c896 c890 c1211 c1413 c764 c1017 c344 c191 c227 c880 c1430 c165 c1369 c1316 c68 c383 c235 c1197 c933 c1493 c287 c1170 
CodeProv5
c1493 c413 c523 c1496 c372 c1291 c639 c1202 c1078 c800 c46 c1068 c820 c1448 c101 c798 c17 c76 c534 c1361 c590 c364 
ConnectProv4
c1091 c1471 c626 c1377 c1239 c1468 c803 c987 c533 c1184 c1009 c1262 c1294 c639 c233 c949 c173 c1103 c985 c379 
ClassroomProv7
c1373 c295 c371 c612 c575 c86 c1230 c265 c234 c309 c273 c246 c1182 c1317 c1443 c583 c1032 c1003 c738 c608 c495 c203 c821 c792 c1055 c1363 c571 c457 c840 c257 c768 c616 c500 c1019 c425 
VoiceZv4
c76 c656 c209 c1392 c690 c654 c155 c1462 c927 c381 c1186 c461 c376 c709 c829 c391 c448 c1493 c529 c1201 c570 c1054 c615 c1124 c658 c766 c1358 c1467 c1271 c1339 c401 c1095 c878 c290 c1125 c1295 c372 c767 c973 c1143 
WebserverProv7
c1104 c1469 c548 c1393 c934 c930 c424 c1479 c741 c1229 c858 c735 c15 c377 c256 c778 c40 c218 c1076 c976 c823 c459 c845 c1381 c313 c511 c582 c518 c249 c1189 c241 c293 c951 c661 c1079 c62 c374 c121 c1477 c1222 c101 c1343 c1368 c421 c1061 c460 c64 c55 c252 
PhotoSv7
c1329 c464 c36 c114 c559 c627 c80 c1296 c1127 c97 c1225 c892 c537 c232 c1414 c348 c1331 c704 c61 c443 c1124 c258 c261 c1023 c253 c618 c563 c698 c1321 c1394 c19 c24 c57 c1026 c1117 
SearchSv1
c1366 c757 c1147 c52 c1211 c358 c1365 c243 c1067 c15 c1476 c372 c852 c1465 c727 c1175 c874 c951 c294 c96 c602 c337 c558 c411 c842 c933 c750 c132 c607 c1075 c547 c123 c439 c805 c679 c527 c1038 c336 c952 
CodeXv3
c1310 c772 c964 c463 c606 c117 c296 c1409 c164 c827 c619 c528 c1166 c270 c1100 c888 c999 c889 c916 c1122 c433 c903 c346 c244 c106 c598 c830 c1495 c549 
WearOSXv7
c896 c193 c1269 c1359 c1473 c954 c450 c396 c670 c783 c53 c1498 c847 c504 c1196 c1395 c139 c907 c684 c1332 c135 c87 c961 c894 c756 c513 c348 c1482 c939 c394 c1077 c8 c813 c1450 c1194 c1328 c964 c835 c171 c378 c1382 c349 c412 c716 c655 c1047 c1458 c286 c23 c427 c1188 c932 c73 c1205 c1432 c1472 c752 c14 
StreamSv7
c1079 c324 c320 c1461 c1164 c890 c437 c481 c63 c717 c501 c671 c786 c558 c682 c1493 c109 c1034 c300 c1489 c1328 c817 c454 c895 c353 c1438 c1032 c620 c1195 c1303 c1277 c239 c191 c1248 c413 c561 c762 c554 c639 c408 c1347 c1476 c818 c668 c1110 c279 c1315 c981 c249 c534 c29 c1015 c626 c998 c1131 c1353 c1358 
FormsProv6
c1235 c1496 c91 c832 c735 c645 c815 c1159 c336 c1478 c1374 c1329 c1429 c1013 c1233 c949 c552 c556 c1001 c485 c1084 c1243 c680 c537 c1361 c577 c677 c208 c1420 c1063 c1127 c1395 c40 c1318 c1017 c62 c1327 c1221 c1463 c1263 c104 c583 c804 c609 c1406 c115 c482 
ShortsZv2
c661 c683 c917 c1282 c184 c1134 c453 c569 c367 c1288 c1433 c171 c433 c1041 c428 c429 c333 c194 c636 c265 c891 c1413 c293 c844 c1095 c88 c778 c1135 c19 c610 c66 c882 c49 c240 c1179 c657 c802 c542 c1027 c1305 c919 c27 c202 c952 c401 c1392 
SearchProv3
c1190 c233 c1028 c1328 c65 c1316 c652 c1311 c351 c258 c1267 c873 c619 c1292 c533 c187 c1040 c1294 c1454 c55 c1263 c920 c1489 c364 c265 c155 c1448 c69 c701 
AndroidAutoMaxv3
c368 c600 c199 c1189 c500 c686 c40 c1472 c602 c682 c1291 c400 c762 c1412 c1375 c1088 c603 c939 c1203 c905 c1130 c1137 c848 
VideoLitev8
c313 c913 c536 c1362 c793 c1374 c200 c1173 c380 c1397 c1449 c1053 c1136 c738 c1310 c308 c430 c763 c392 c775 c670 c68 c989 c61 c231 c1333 c217 c288 c491 c586 c1263 c1370 
DreamUltrav1
c46 c1352 c238 c921 c224 c536 c727 c769 c902 c985 c271 c1147 c1051 c621 c820 c880 c1193 c634 c1458 c1460 c1241 c956 c1321 c1306 c558 c1340 c448 c349 c352 c1183 c674 c655 c1 c1265 c444 
SantaTrackerMaxv3
c711 c862 c1028 c1056 c1017 c1077 c767 c564 c1194 c1393 c688 c241 c298 c1012 c124 c422 c1243 c1477 c1437 c970 c1434 c682 c903 c87 c253 c847 c1266 c383 c306 c262 c757 c1148 c613 c1142 
SkyXv5
c1275 c1434 c628 c1044 c679 c461 c859 c339 c1495 c611 c1273 c72 c523 c178 c1157 c439 c151 c1034 c188 c180 c279 c1407 c427 c1091 c1146 c1003 c303 c128 c300 c243 c668 c590 c1103 c244 c50 c391 c807 c539 c1409 
StadiaXv2
c1231 c1262 c1474 c446 c107 c1106 c314 c381 c971 c1367 c869 c310 c1192 c784 c796 c114 c478 c682 c1377 c515 c894 c1392 c975 c1436 c451 
