66
ChatLitev6
NellyV MaxM NellyD ClementI ThomasO StefanH BenjaminK PrabhakarB PetarJ PhilippS StepanK LarryC 
DataNextv9
ClementO SergeyR HiroshiI JenE LarryL FionaZ JenF StepanK PrzemekH BenjaminR SusanN TatiyanaI PetarD SergeyA PrzemekW HiroshiD PetarV BenjaminY SergeyQ SergeyK LarryD TatiyanaX PhilippC TatiyanaW ThomasI 
MarsUltrav4
PhilippY NellyB TatiyanaT BenjaminY PetarG StepanL NellyO MichalQ PhilippE LarryG BakhodirJ MichalF SusanC BakhodirB PetarA PrabhakarV RuthP 
ScholarXv6
SundarD StefanK PrabhakarC BakhodirR RuthB SundarA RuthF JenL MatasK BakhodirG TatiyanaR TatiyanaP 
ScholarSv9
StefanO ClementU BakhodirM SergeyR PhilippA SergeyJ StefanU PrzemekU MaxJ SusanK LarryV 
FormsUltrav3
ThomasL MatasF ThomasW NellyU PrabhakarU PetarN TatiyanaA StepanO 
DatasetSearchLitev6
PrzemekP MaxA BenjaminJ ClementJ StefanD SundarI PhilippK PetarN HiroshiM 
SkyLitev8
TatiyanaH BenjaminD RuthO SusanT HiroshiD LarryJ PhilippT ThomasZ BakhodirC StefanC PetarV MaxH FionaA JenU HiroshiT MatasR StefanH BakhodirS PrzemekC BenjaminB TatiyanaT PrzemekG MatasK 
AndroidTVLitev7
RuthW MichalD JenE TatiyanaZ MatasH NellyM StefanL TatiyanaY StefanA 
DuoMaxv1
BenjaminL PetarJ MaxF BenjaminG PetarG JenY ThomasB NellyD MatasY SergeyR 
ChartsMaxv5
NellyA FionaJ MichalY StefanF FionaT 
StreetViewXv9
PrzemekQ StefanX SusanI ThomasU NellyI 
FinanceMaxv7
MaxY StepanU HiroshiL ThomasT BenjaminP 
CalendarLitev5
BenjaminS StepanH PrabhakarB NellyK 
PatentsMaxv2
MaxV MichalB LarryF MatasZ HiroshiH RuthJ BenjaminX PrzemekT ThomasE FionaR 
DataSv9
PrzemekI HiroshiC PrabhakarD MaxA PrabhakarA SundarX JenP MichalI BakhodirD FionaB 
ReleaseLitev7
RuthT SergeyW FionaV MaxO 
DocsUltrav2
BakhodirB NellyM ClementA NellyW PetarE PrabhakarM RuthL HiroshiK 
SearchUltrav8
SergeyG PhilippI MichalS 
CastOSSv6
SusanH HiroshiI JenJ 
TravelZv6
ThomasL PetarA LarryI NellyI LarryE PrzemekF 
FeedBurnerProv6
RuthY NellyI BakhodirD SergeyY BenjaminI 
FuchsiaProv7
BenjaminH SusanV BakhodirQ 
GroupsZv8
BakhodirL PetarI TatiyanaC MichalV ThomasE 
DreamNextv6
SergeyP StepanU StefanA PrzemekP PhilippN 
CodeZv4
SusanR LarryM 
ClassroomXv9
TatiyanaL StepanK 
MoonXv3
MaxR PetarM 
ScholarZv1
NellyR MichalQ PrzemekP LarryU 
CollectionsUltrav9
HiroshiZ BenjaminO 
FeedBurnerLitev8
StefanN BenjaminL PrabhakarE 
TravelUltrav3
PetarR JenE 
DatasetSearchXv2
MaxZ PrzemekM StefanK StefanA HiroshiX SusanD 
StadiaProv5
RuthI MaxA FionaA 
SkyProv4
MichalZ ThomasQ 
MapsNextv5
SusanS LarryV 
LoggingXv4
SergeyJ StepanV MaxK 
AssistantMaxv9
MichalA 
WebserverProv7
MatasK NellyX 
ChromeLitev4
LarryU MichalY PrabhakarA 
FinanceXv5
ClementV 
DaydreamMaxv4
ThomasQ 
CollectionsProv5
HiroshiT SundarD PetarZ 
NewsXv5
SundarV PrzemekH 
CurrentsProv2
StepanJ 
StreetViewXv2
RuthW PrzemekF HiroshiS 
StreetViewMaxv8
PetarA 
ConnectXv3
StefanG 
BuildProv1
PrabhakarI 
KeepXv1
PrabhakarA 
LearnProv8
JenI 
NewsMaxv1
TatiyanaT 
CurrentsProv7
SusanT 
AndroidAutoZv1
PetarV SundarJ 
MoonUltrav4
LarryN 
SkyZv5
SundarM 
TravelProv6
PhilippJ 
CurrentsXv1
BakhodirF 
SlidesProv5
SergeyQ LarryZ 
SantaTrackerProv9
PrzemekV 
SheetsZv4
FionaS SergeyR 
BloggerProv9
BenjaminK 
VoiceZv6
HiroshiQ SundarJ 
PixelProv1
ThomasK 
KeepNextv4
PrabhakarN 
ClassroomSv2
RuthX 
